Starting bash script
Loaded dependency [python3/3.8.11]: gcc/10.3.0-binutils-2.36.1
Loaded module: python3/3.8.11

Loading python3/3.8.11
  Loading requirement: gcc/10.3.0-binutils-2.36.1
----------------------------
--- Output from Python -----
----------------------------
Global seed set to 42
Using cache found in /zhome/63/6/117697/.cache/torch/hub/pytorch_vision_v0.10.0
GPU available: True, used: True
TPU available: False, using: 0 TPU cores
IPU available: False, using: 0 IPUs
LOCAL_RANK: 0 - CUDA_VISIBLE_DEVICES: [0]

  | Name        | Type     | Params
-----------------------------------------
0 | model       | DenseNet | 7.0 M 
1 | train_auroc | AUROC    | 0     
2 | val_auroc   | AUROC    | 0     
-----------------------------------------
7.0 M     Trainable params
0         Non-trainable params
7.0 M     Total params
27.820    Total estimated model params size (MB)
model_name: adam_wd=1e-3_dp=2e-1_imgaug_simple
wd: 0.001
dropout: 0.2
Extended Image Augmentation: False
Simple Image Augmentation: True
--- Initializing model and datamodule ---
---- Initializing Simple Image Augmentation ----
---- Initializing Simple Image Augmentation ----
---- Initializing Simple Image Augmentation ----
--- Setup training ---
--- Training model ---
Params to learn:
	 features.conv0.weight
	 features.norm0.weight
	 features.norm0.bias
	 features.denseblock1.denselayer1.norm1.weight
	 features.denseblock1.denselayer1.norm1.bias
	 features.denseblock1.denselayer1.conv1.weight
	 features.denseblock1.denselayer1.norm2.weight
	 features.denseblock1.denselayer1.norm2.bias
	 features.denseblock1.denselayer1.conv2.weight
	 features.denseblock1.denselayer2.norm1.weight
	 features.denseblock1.denselayer2.norm1.bias
	 features.denseblock1.denselayer2.conv1.weight
	 features.denseblock1.denselayer2.norm2.weight
	 features.denseblock1.denselayer2.norm2.bias
	 features.denseblock1.denselayer2.conv2.weight
	 features.denseblock1.denselayer3.norm1.weight
	 features.denseblock1.denselayer3.norm1.bias
	 features.denseblock1.denselayer3.conv1.weight
	 features.denseblock1.denselayer3.norm2.weight
	 features.denseblock1.denselayer3.norm2.bias
	 features.denseblock1.denselayer3.conv2.weight
	 features.denseblock1.denselayer4.norm1.weight
	 features.denseblock1.denselayer4.norm1.bias
	 features.denseblock1.denselayer4.conv1.weight
	 features.denseblock1.denselayer4.norm2.weight
	 features.denseblock1.denselayer4.norm2.bias
	 features.denseblock1.denselayer4.conv2.weight
	 features.denseblock1.denselayer5.norm1.weight
	 features.denseblock1.denselayer5.norm1.bias
	 features.denseblock1.denselayer5.conv1.weight
	 features.denseblock1.denselayer5.norm2.weight
	 features.denseblock1.denselayer5.norm2.bias
	 features.denseblock1.denselayer5.conv2.weight
	 features.denseblock1.denselayer6.norm1.weight
	 features.denseblock1.denselayer6.norm1.bias
	 features.denseblock1.denselayer6.conv1.weight
	 features.denseblock1.denselayer6.norm2.weight
	 features.denseblock1.denselayer6.norm2.bias
	 features.denseblock1.denselayer6.conv2.weight
	 features.transition1.norm.weight
	 features.transition1.norm.bias
	 features.transition1.conv.weight
	 features.denseblock2.denselayer1.norm1.weight
	 features.denseblock2.denselayer1.norm1.bias
	 features.denseblock2.denselayer1.conv1.weight
	 features.denseblock2.denselayer1.norm2.weight
	 features.denseblock2.denselayer1.norm2.bias
	 features.denseblock2.denselayer1.conv2.weight
	 features.denseblock2.denselayer2.norm1.weight
	 features.denseblock2.denselayer2.norm1.bias
	 features.denseblock2.denselayer2.conv1.weight
	 features.denseblock2.denselayer2.norm2.weight
	 features.denseblock2.denselayer2.norm2.bias
	 features.denseblock2.denselayer2.conv2.weight
	 features.denseblock2.denselayer3.norm1.weight
	 features.denseblock2.denselayer3.norm1.bias
	 features.denseblock2.denselayer3.conv1.weight
	 features.denseblock2.denselayer3.norm2.weight
	 features.denseblock2.denselayer3.norm2.bias
	 features.denseblock2.denselayer3.conv2.weight
	 features.denseblock2.denselayer4.norm1.weight
	 features.denseblock2.denselayer4.norm1.bias
	 features.denseblock2.denselayer4.conv1.weight
	 features.denseblock2.denselayer4.norm2.weight
	 features.denseblock2.denselayer4.norm2.bias
	 features.denseblock2.denselayer4.conv2.weight
	 features.denseblock2.denselayer5.norm1.weight
	 features.denseblock2.denselayer5.norm1.bias
	 features.denseblock2.denselayer5.conv1.weight
	 features.denseblock2.denselayer5.norm2.weight
	 features.denseblock2.denselayer5.norm2.bias
	 features.denseblock2.denselayer5.conv2.weight
	 features.denseblock2.denselayer6.norm1.weight
	 features.denseblock2.denselayer6.norm1.bias
	 features.denseblock2.denselayer6.conv1.weight
	 features.denseblock2.denselayer6.norm2.weight
	 features.denseblock2.denselayer6.norm2.bias
	 features.denseblock2.denselayer6.conv2.weight
	 features.denseblock2.denselayer7.norm1.weight
	 features.denseblock2.denselayer7.norm1.bias
	 features.denseblock2.denselayer7.conv1.weight
	 features.denseblock2.denselayer7.norm2.weight
	 features.denseblock2.denselayer7.norm2.bias
	 features.denseblock2.denselayer7.conv2.weight
	 features.denseblock2.denselayer8.norm1.weight
	 features.denseblock2.denselayer8.norm1.bias
	 features.denseblock2.denselayer8.conv1.weight
	 features.denseblock2.denselayer8.norm2.weight
	 features.denseblock2.denselayer8.norm2.bias
	 features.denseblock2.denselayer8.conv2.weight
	 features.denseblock2.denselayer9.norm1.weight
	 features.denseblock2.denselayer9.norm1.bias
	 features.denseblock2.denselayer9.conv1.weight
	 features.denseblock2.denselayer9.norm2.weight
	 features.denseblock2.denselayer9.norm2.bias
	 features.denseblock2.denselayer9.conv2.weight
	 features.denseblock2.denselayer10.norm1.weight
	 features.denseblock2.denselayer10.norm1.bias
	 features.denseblock2.denselayer10.conv1.weight
	 features.denseblock2.denselayer10.norm2.weight
	 features.denseblock2.denselayer10.norm2.bias
	 features.denseblock2.denselayer10.conv2.weight
	 features.denseblock2.denselayer11.norm1.weight
	 features.denseblock2.denselayer11.norm1.bias
	 features.denseblock2.denselayer11.conv1.weight
	 features.denseblock2.denselayer11.norm2.weight
	 features.denseblock2.denselayer11.norm2.bias
	 features.denseblock2.denselayer11.conv2.weight
	 features.denseblock2.denselayer12.norm1.weight
	 features.denseblock2.denselayer12.norm1.bias
	 features.denseblock2.denselayer12.conv1.weight
	 features.denseblock2.denselayer12.norm2.weight
	 features.denseblock2.denselayer12.norm2.bias
	 features.denseblock2.denselayer12.conv2.weight
	 features.transition2.norm.weight
	 features.transition2.norm.bias
	 features.transition2.conv.weight
	 features.denseblock3.denselayer1.norm1.weight
	 features.denseblock3.denselayer1.norm1.bias
	 features.denseblock3.denselayer1.conv1.weight
	 features.denseblock3.denselayer1.norm2.weight
	 features.denseblock3.denselayer1.norm2.bias
	 features.denseblock3.denselayer1.conv2.weight
	 features.denseblock3.denselayer2.norm1.weight
	 features.denseblock3.denselayer2.norm1.bias
	 features.denseblock3.denselayer2.conv1.weight
	 features.denseblock3.denselayer2.norm2.weight
	 features.denseblock3.denselayer2.norm2.bias
	 features.denseblock3.denselayer2.conv2.weight
	 features.denseblock3.denselayer3.norm1.weight
	 features.denseblock3.denselayer3.norm1.bias
	 features.denseblock3.denselayer3.conv1.weight
	 features.denseblock3.denselayer3.norm2.weight
	 features.denseblock3.denselayer3.norm2.bias
	 features.denseblock3.denselayer3.conv2.weight
	 features.denseblock3.denselayer4.norm1.weight
	 features.denseblock3.denselayer4.norm1.bias
	 features.denseblock3.denselayer4.conv1.weight
	 features.denseblock3.denselayer4.norm2.weight
	 features.denseblock3.denselayer4.norm2.bias
	 features.denseblock3.denselayer4.conv2.weight
	 features.denseblock3.denselayer5.norm1.weight
	 features.denseblock3.denselayer5.norm1.bias
	 features.denseblock3.denselayer5.conv1.weight
	 features.denseblock3.denselayer5.norm2.weight
	 features.denseblock3.denselayer5.norm2.bias
	 features.denseblock3.denselayer5.conv2.weight
	 features.denseblock3.denselayer6.norm1.weight
	 features.denseblock3.denselayer6.norm1.bias
	 features.denseblock3.denselayer6.conv1.weight
	 features.denseblock3.denselayer6.norm2.weight
	 features.denseblock3.denselayer6.norm2.bias
	 features.denseblock3.denselayer6.conv2.weight
	 features.denseblock3.denselayer7.norm1.weight
	 features.denseblock3.denselayer7.norm1.bias
	 features.denseblock3.denselayer7.conv1.weight
	 features.denseblock3.denselayer7.norm2.weight
	 features.denseblock3.denselayer7.norm2.bias
	 features.denseblock3.denselayer7.conv2.weight
	 features.denseblock3.denselayer8.norm1.weight
	 features.denseblock3.denselayer8.norm1.bias
	 features.denseblock3.denselayer8.conv1.weight
	 features.denseblock3.denselayer8.norm2.weight
	 features.denseblock3.denselayer8.norm2.bias
	 features.denseblock3.denselayer8.conv2.weight
	 features.denseblock3.denselayer9.norm1.weight
	 features.denseblock3.denselayer9.norm1.bias
	 features.denseblock3.denselayer9.conv1.weight
	 features.denseblock3.denselayer9.norm2.weight
	 features.denseblock3.denselayer9.norm2.bias
	 features.denseblock3.denselayer9.conv2.weight
	 features.denseblock3.denselayer10.norm1.weight
	 features.denseblock3.denselayer10.norm1.bias
	 features.denseblock3.denselayer10.conv1.weight
	 features.denseblock3.denselayer10.norm2.weight
	 features.denseblock3.denselayer10.norm2.bias
	 features.denseblock3.denselayer10.conv2.weight
	 features.denseblock3.denselayer11.norm1.weight
	 features.denseblock3.denselayer11.norm1.bias
	 features.denseblock3.denselayer11.conv1.weight
	 features.denseblock3.denselayer11.norm2.weight
	 features.denseblock3.denselayer11.norm2.bias
	 features.denseblock3.denselayer11.conv2.weight
	 features.denseblock3.denselayer12.norm1.weight
	 features.denseblock3.denselayer12.norm1.bias
	 features.denseblock3.denselayer12.conv1.weight
	 features.denseblock3.denselayer12.norm2.weight
	 features.denseblock3.denselayer12.norm2.bias
	 features.denseblock3.denselayer12.conv2.weight
	 features.denseblock3.denselayer13.norm1.weight
	 features.denseblock3.denselayer13.norm1.bias
	 features.denseblock3.denselayer13.conv1.weight
	 features.denseblock3.denselayer13.norm2.weight
	 features.denseblock3.denselayer13.norm2.bias
	 features.denseblock3.denselayer13.conv2.weight
	 features.denseblock3.denselayer14.norm1.weight
	 features.denseblock3.denselayer14.norm1.bias
	 features.denseblock3.denselayer14.conv1.weight
	 features.denseblock3.denselayer14.norm2.weight
	 features.denseblock3.denselayer14.norm2.bias
	 features.denseblock3.denselayer14.conv2.weight
	 features.denseblock3.denselayer15.norm1.weight
	 features.denseblock3.denselayer15.norm1.bias
	 features.denseblock3.denselayer15.conv1.weight
	 features.denseblock3.denselayer15.norm2.weight
	 features.denseblock3.denselayer15.norm2.bias
	 features.denseblock3.denselayer15.conv2.weight
	 features.denseblock3.denselayer16.norm1.weight
	 features.denseblock3.denselayer16.norm1.bias
	 features.denseblock3.denselayer16.conv1.weight
	 features.denseblock3.denselayer16.norm2.weight
	 features.denseblock3.denselayer16.norm2.bias
	 features.denseblock3.denselayer16.conv2.weight
	 features.denseblock3.denselayer17.norm1.weight
	 features.denseblock3.denselayer17.norm1.bias
	 features.denseblock3.denselayer17.conv1.weight
	 features.denseblock3.denselayer17.norm2.weight
	 features.denseblock3.denselayer17.norm2.bias
	 features.denseblock3.denselayer17.conv2.weight
	 features.denseblock3.denselayer18.norm1.weight
	 features.denseblock3.denselayer18.norm1.bias
	 features.denseblock3.denselayer18.conv1.weight
	 features.denseblock3.denselayer18.norm2.weight
	 features.denseblock3.denselayer18.norm2.bias
	 features.denseblock3.denselayer18.conv2.weight
	 features.denseblock3.denselayer19.norm1.weight
	 features.denseblock3.denselayer19.norm1.bias
	 features.denseblock3.denselayer19.conv1.weight
	 features.denseblock3.denselayer19.norm2.weight
	 features.denseblock3.denselayer19.norm2.bias
	 features.denseblock3.denselayer19.conv2.weight
	 features.denseblock3.denselayer20.norm1.weight
	 features.denseblock3.denselayer20.norm1.bias
	 features.denseblock3.denselayer20.conv1.weight
	 features.denseblock3.denselayer20.norm2.weight
	 features.denseblock3.denselayer20.norm2.bias
	 features.denseblock3.denselayer20.conv2.weight
	 features.denseblock3.denselayer21.norm1.weight
	 features.denseblock3.denselayer21.norm1.bias
	 features.denseblock3.denselayer21.conv1.weight
	 features.denseblock3.denselayer21.norm2.weight
	 features.denseblock3.denselayer21.norm2.bias
	 features.denseblock3.denselayer21.conv2.weight
	 features.denseblock3.denselayer22.norm1.weight
	 features.denseblock3.denselayer22.norm1.bias
	 features.denseblock3.denselayer22.conv1.weight
	 features.denseblock3.denselayer22.norm2.weight
	 features.denseblock3.denselayer22.norm2.bias
	 features.denseblock3.denselayer22.conv2.weight
	 features.denseblock3.denselayer23.norm1.weight
	 features.denseblock3.denselayer23.norm1.bias
	 features.denseblock3.denselayer23.conv1.weight
	 features.denseblock3.denselayer23.norm2.weight
	 features.denseblock3.denselayer23.norm2.bias
	 features.denseblock3.denselayer23.conv2.weight
	 features.denseblock3.denselayer24.norm1.weight
	 features.denseblock3.denselayer24.norm1.bias
	 features.denseblock3.denselayer24.conv1.weight
	 features.denseblock3.denselayer24.norm2.weight
	 features.denseblock3.denselayer24.norm2.bias
	 features.denseblock3.denselayer24.conv2.weight
	 features.transition3.norm.weight
	 features.transition3.norm.bias
	 features.transition3.conv.weight
	 features.denseblock4.denselayer1.norm1.weight
	 features.denseblock4.denselayer1.norm1.bias
	 features.denseblock4.denselayer1.conv1.weight
	 features.denseblock4.denselayer1.norm2.weight
	 features.denseblock4.denselayer1.norm2.bias
	 features.denseblock4.denselayer1.conv2.weight
	 features.denseblock4.denselayer2.norm1.weight
	 features.denseblock4.denselayer2.norm1.bias
	 features.denseblock4.denselayer2.conv1.weight
	 features.denseblock4.denselayer2.norm2.weight
	 features.denseblock4.denselayer2.norm2.bias
	 features.denseblock4.denselayer2.conv2.weight
	 features.denseblock4.denselayer3.norm1.weight
	 features.denseblock4.denselayer3.norm1.bias
	 features.denseblock4.denselayer3.conv1.weight
	 features.denseblock4.denselayer3.norm2.weight
	 features.denseblock4.denselayer3.norm2.bias
	 features.denseblock4.denselayer3.conv2.weight
	 features.denseblock4.denselayer4.norm1.weight
	 features.denseblock4.denselayer4.norm1.bias
	 features.denseblock4.denselayer4.conv1.weight
	 features.denseblock4.denselayer4.norm2.weight
	 features.denseblock4.denselayer4.norm2.bias
	 features.denseblock4.denselayer4.conv2.weight
	 features.denseblock4.denselayer5.norm1.weight
	 features.denseblock4.denselayer5.norm1.bias
	 features.denseblock4.denselayer5.conv1.weight
	 features.denseblock4.denselayer5.norm2.weight
	 features.denseblock4.denselayer5.norm2.bias
	 features.denseblock4.denselayer5.conv2.weight
	 features.denseblock4.denselayer6.norm1.weight
	 features.denseblock4.denselayer6.norm1.bias
	 features.denseblock4.denselayer6.conv1.weight
	 features.denseblock4.denselayer6.norm2.weight
	 features.denseblock4.denselayer6.norm2.bias
	 features.denseblock4.denselayer6.conv2.weight
	 features.denseblock4.denselayer7.norm1.weight
	 features.denseblock4.denselayer7.norm1.bias
	 features.denseblock4.denselayer7.conv1.weight
	 features.denseblock4.denselayer7.norm2.weight
	 features.denseblock4.denselayer7.norm2.bias
	 features.denseblock4.denselayer7.conv2.weight
	 features.denseblock4.denselayer8.norm1.weight
	 features.denseblock4.denselayer8.norm1.bias
	 features.denseblock4.denselayer8.conv1.weight
	 features.denseblock4.denselayer8.norm2.weight
	 features.denseblock4.denselayer8.norm2.bias
	 features.denseblock4.denselayer8.conv2.weight
	 features.denseblock4.denselayer9.norm1.weight
	 features.denseblock4.denselayer9.norm1.bias
	 features.denseblock4.denselayer9.conv1.weight
	 features.denseblock4.denselayer9.norm2.weight
	 features.denseblock4.denselayer9.norm2.bias
	 features.denseblock4.denselayer9.conv2.weight
	 features.denseblock4.denselayer10.norm1.weight
	 features.denseblock4.denselayer10.norm1.bias
	 features.denseblock4.denselayer10.conv1.weight
	 features.denseblock4.denselayer10.norm2.weight
	 features.denseblock4.denselayer10.norm2.bias
	 features.denseblock4.denselayer10.conv2.weight
	 features.denseblock4.denselayer11.norm1.weight
	 features.denseblock4.denselayer11.norm1.bias
	 features.denseblock4.denselayer11.conv1.weight
	 features.denseblock4.denselayer11.norm2.weight
	 features.denseblock4.denselayer11.norm2.bias
	 features.denseblock4.denselayer11.conv2.weight
	 features.denseblock4.denselayer12.norm1.weight
	 features.denseblock4.denselayer12.norm1.bias
	 features.denseblock4.denselayer12.conv1.weight
	 features.denseblock4.denselayer12.norm2.weight
	 features.denseblock4.denselayer12.norm2.bias
	 features.denseblock4.denselayer12.conv2.weight
	 features.denseblock4.denselayer13.norm1.weight
	 features.denseblock4.denselayer13.norm1.bias
	 features.denseblock4.denselayer13.conv1.weight
	 features.denseblock4.denselayer13.norm2.weight
	 features.denseblock4.denselayer13.norm2.bias
	 features.denseblock4.denselayer13.conv2.weight
	 features.denseblock4.denselayer14.norm1.weight
	 features.denseblock4.denselayer14.norm1.bias
	 features.denseblock4.denselayer14.conv1.weight
	 features.denseblock4.denselayer14.norm2.weight
	 features.denseblock4.denselayer14.norm2.bias
	 features.denseblock4.denselayer14.conv2.weight
	 features.denseblock4.denselayer15.norm1.weight
	 features.denseblock4.denselayer15.norm1.bias
	 features.denseblock4.denselayer15.conv1.weight
	 features.denseblock4.denselayer15.norm2.weight
	 features.denseblock4.denselayer15.norm2.bias
	 features.denseblock4.denselayer15.conv2.weight
	 features.denseblock4.denselayer16.norm1.weight
	 features.denseblock4.denselayer16.norm1.bias
	 features.denseblock4.denselayer16.conv1.weight
	 features.denseblock4.denselayer16.norm2.weight
	 features.denseblock4.denselayer16.norm2.bias
	 features.denseblock4.denselayer16.conv2.weight
	 features.norm5.weight
	 features.norm5.bias
	 classifier.weight
	 classifier.bias
Global seed set to 42
