Starting bash script
Loaded dependency [python3/3.8.11]: gcc/10.3.0-binutils-2.36.1
Loaded module: python3/3.8.11
----------------------------
--- Output from Python -----
----------------------------
Global seed set to 42
ADNI no: 1
 ADNI no type:<class 'int'>
Traceback (most recent call last):
  File "src/models/ADNI_neural_network.py", line 60, in <module>
    dm = ADNIDataModule(dataset = ADNI_no)
  File "/zhome/95/1/117606/Documents/Fairness-oriented-interpretability-of-predictive-algorithms/src/models/data_modules/ADNI_data_module.py", line 40, in __init__
    self.raw_data = self.load_raw_data()
  File "/zhome/95/1/117606/Documents/Fairness-oriented-interpretability-of-predictive-algorithms/src/models/data_modules/ADNI_data_module.py", line 49, in load_raw_data
    raw_data[pat_grp] = pd.read_csv(file_path)
  File "/zhome/95/1/117606/Documents/Fairness-oriented-interpretability-of-predictive-algorithms/.venv/lib64/python3.6/site-packages/pandas/io/parsers.py", line 688, in read_csv
    return _read(filepath_or_buffer, kwds)
  File "/zhome/95/1/117606/Documents/Fairness-oriented-interpretability-of-predictive-algorithms/.venv/lib64/python3.6/site-packages/pandas/io/parsers.py", line 454, in _read
    parser = TextFileReader(fp_or_buf, **kwds)
  File "/zhome/95/1/117606/Documents/Fairness-oriented-interpretability-of-predictive-algorithms/.venv/lib64/python3.6/site-packages/pandas/io/parsers.py", line 948, in __init__
    self._make_engine(self.engine)
  File "/zhome/95/1/117606/Documents/Fairness-oriented-interpretability-of-predictive-algorithms/.venv/lib64/python3.6/site-packages/pandas/io/parsers.py", line 1180, in _make_engine
    self._engine = CParserWrapper(self.f, **self.options)
  File "/zhome/95/1/117606/Documents/Fairness-oriented-interpretability-of-predictive-algorithms/.venv/lib64/python3.6/site-packages/pandas/io/parsers.py", line 2010, in __init__
    self._reader = parsers.TextReader(src, **kwds)
  File "pandas/_libs/parsers.pyx", line 382, in pandas._libs.parsers.TextReader.__cinit__
  File "pandas/_libs/parsers.pyx", line 674, in pandas._libs.parsers.TextReader._setup_parser_source
FileNotFoundError: [Errno 2] No such file or directory: 'data/ADNI/raw/sorted_ad1.csv'
----------------------------
---       DONE :)      -----
----------------------------

------------------------------------------------------------
Sender: LSF System <lsfadmin@hpc.dtu.dk>
Subject: Job 10563870: <ADNI_1_neural_network> in cluster <dcc> Done

Job <ADNI_1_neural_network> was submitted from host <n-62-30-1> by user <s164175> in cluster <dcc> at Tue Oct  5 13:06:25 2021
Job was executed on host(s) <n-62-11-13>, in queue <gpuv100>, as user <s164175> in cluster <dcc> at Tue Oct  5 13:06:27 2021
</zhome/95/1/117606> was used as the home directory.
</zhome/95/1/117606/Documents/Fairness-oriented-interpretability-of-predictive-algorithms> was used as the working directory.
Started at Tue Oct  5 13:06:27 2021
Terminated at Tue Oct  5 13:06:34 2021
Results reported at Tue Oct  5 13:06:34 2021

Your job looked like:

------------------------------------------------------------
# LSBATCH: User input
#!/bin/sh 
### General options 
### -- specify queue -- 
#BSUB -q gpuv100
### -- set the job Name -- 
#BSUB -J ADNI_1_neural_network
### -- ask for number of cores (default: 1) -- 
#BSUB -n 1 
### --- ask for gpu ---
#BSUB -gpu "num=1"
### -- specify that the cores must be on the same host -- 
#BSUB -R "span[hosts=1]"
### -- amount of memory per core/slot -- 
#BSUB -R "rusage[mem=5GB]"
### -- job gets killed if it exceeds xGB per core/slot -- 
#BSUB -M 5GB
### -- set walltime limit: hh:mm -- 
#BSUB -W 02:00 
### -- Specify the output and error file. %J is the job-id -- 
### -- -o and -e mean append, -oo and -eo mean overwrite -- 
#BSUB -oo logs/ADNI_1_neural_network.out 

echo "Starting bash script"

### Activate environment
module load python3/3.8.11
source .venv/bin/activate

### Run python script
echo "----------------------------"
echo "--- Output from Python -----"
echo "----------------------------"

python3 src/models/ADNI_neural_network.py 1

echo "----------------------------"
echo "---       DONE :)      -----"
echo "----------------------------"
------------------------------------------------------------

Successfully completed.

Resource usage summary:

    CPU time :                                   2.74 sec.
    Max Memory :                                 -
    Average Memory :                             -
    Total Requested Memory :                     5120.00 MB
    Delta Memory :                               -
    Max Swap :                                   -
    Max Processes :                              -
    Max Threads :                                -
    Run time :                                   7 sec.
    Turnaround time :                            9 sec.

The output (if any) is above this job summary.

