Starting bash script
Loaded dependency [python3/3.8.11]: gcc/10.3.0-binutils-2.36.1
Loaded module: python3/3.8.11

Loading python3/3.8.11
  Loading requirement: gcc/10.3.0-binutils-2.36.1
----------------------------
--- Output from Python -----
----------------------------
Global seed set to 42
[32m[I 2021-11-05 10:18:48,579][0m A new study created in memory with name: no-name-75f0b23e-9c35-4e8e-8e5e-030f8ea10416[0m
GPU available: True, used: True
TPU available: False, using: 0 TPU cores
IPU available: False, using: 0 IPUs
LOCAL_RANK: 0 - CUDA_VISIBLE_DEVICES: [0]

  | Name  | Type | Params
-------------------------------
0 | model | Net  | 51    
-------------------------------
51        Trainable params
0         Non-trainable params
51        Total params
0.000     Total estimated model params size (MB)
Global seed set to 42
[32m[I 2021-11-05 10:20:03,517][0m Trial 0 finished with value: 0.5011875629425049 and parameters: {'n_layers': 2, 'n_hidden_0': 1, 'n_hidden_1': 7, 'lr': 0.005546505049361992, 'p_dropout': 0.2492535061512952}. Best is trial 0 with value: 0.5011875629425049.[0m
GPU available: True, used: True
TPU available: False, using: 0 TPU cores
IPU available: False, using: 0 IPUs
LOCAL_RANK: 0 - CUDA_VISIBLE_DEVICES: [0]

  | Name  | Type | Params
-------------------------------
0 | model | Net  | 61    
-------------------------------
61        Trainable params
0         Non-trainable params
61        Total params
0.000     Total estimated model params size (MB)
Global seed set to 42
[32m[I 2021-11-05 10:20:23,571][0m Trial 1 finished with value: 0.45689448714256287 and parameters: {'n_layers': 1, 'n_hidden_0': 2, 'lr': 0.006348243270946396, 'p_dropout': 0.08455541828126772}. Best is trial 1 with value: 0.45689448714256287.[0m
GPU available: True, used: True
TPU available: False, using: 0 TPU cores
IPU available: False, using: 0 IPUs
LOCAL_RANK: 0 - CUDA_VISIBLE_DEVICES: [0]

  | Name  | Type | Params
-------------------------------
0 | model | Net  | 211   
-------------------------------
211       Trainable params
0         Non-trainable params
211       Total params
0.001     Total estimated model params size (MB)
Global seed set to 42
[32m[I 2021-11-05 10:20:49,205][0m Trial 2 finished with value: 0.46310484409332275 and parameters: {'n_layers': 1, 'n_hidden_0': 7, 'lr': 0.05847452881552244, 'p_dropout': 0.0019741331639572257}. Best is trial 1 with value: 0.45689448714256287.[0m
GPU available: True, used: True
TPU available: False, using: 0 TPU cores
IPU available: False, using: 0 IPUs
LOCAL_RANK: 0 - CUDA_VISIBLE_DEVICES: [0]

  | Name  | Type | Params
-------------------------------
0 | model | Net  | 339   
-------------------------------
339       Trainable params
0         Non-trainable params
339       Total params
0.001     Total estimated model params size (MB)
Global seed set to 42
[32m[I 2021-11-05 10:21:20,403][0m Trial 3 finished with value: 0.4453430771827698 and parameters: {'n_layers': 2, 'n_hidden_0': 9, 'n_hidden_1': 7, 'lr': 0.004062342974817012, 'p_dropout': 0.14593803408531658}. Best is trial 3 with value: 0.4453430771827698.[0m
GPU available: True, used: True
TPU available: False, using: 0 TPU cores
IPU available: False, using: 0 IPUs
LOCAL_RANK: 0 - CUDA_VISIBLE_DEVICES: [0]

  | Name  | Type | Params
-------------------------------
0 | model | Net  | 293   
-------------------------------
293       Trainable params
0         Non-trainable params
293       Total params
0.001     Total estimated model params size (MB)
Global seed set to 42
[32m[I 2021-11-05 10:23:55,475][0m Trial 4 finished with value: 0.5362560749053955 and parameters: {'n_layers': 2, 'n_hidden_0': 8, 'n_hidden_1': 6, 'lr': 5.138664194679256e-06, 'p_dropout': 0.1866703800257346}. Best is trial 3 with value: 0.4453430771827698.[0m
GPU available: True, used: True
TPU available: False, using: 0 TPU cores
IPU available: False, using: 0 IPUs
LOCAL_RANK: 0 - CUDA_VISIBLE_DEVICES: [0]

  | Name  | Type | Params
-------------------------------
0 | model | Net  | 181   
-------------------------------
181       Trainable params
0         Non-trainable params
181       Total params
0.001     Total estimated model params size (MB)
[32m[I 2021-11-05 10:23:55,489][0m Trial 5 pruned. Trial was pruned at epoch 0.[0m
GPU available: True, used: True
TPU available: False, using: 0 TPU cores
IPU available: False, using: 0 IPUs
LOCAL_RANK: 0 - CUDA_VISIBLE_DEVICES: [0]

  | Name  | Type | Params
-------------------------------
0 | model | Net  | 285   
-------------------------------
285       Trainable params
0         Non-trainable params
285       Total params
0.001     Total estimated model params size (MB)
[32m[I 2021-11-05 10:23:55,498][0m Trial 6 pruned. Trial was pruned at epoch 0.[0m
GPU available: True, used: True
TPU available: False, using: 0 TPU cores
IPU available: False, using: 0 IPUs
LOCAL_RANK: 0 - CUDA_VISIBLE_DEVICES: [0]

  | Name  | Type | Params
-------------------------------
0 | model | Net  | 31    
-------------------------------
31        Trainable params
0         Non-trainable params
31        Total params
0.000     Total estimated model params size (MB)
[32m[I 2021-11-05 10:23:55,506][0m Trial 7 pruned. Trial was pruned at epoch 0.[0m
GPU available: True, used: True
TPU available: False, using: 0 TPU cores
IPU available: False, using: 0 IPUs
LOCAL_RANK: 0 - CUDA_VISIBLE_DEVICES: [0]

  | Name  | Type | Params
-------------------------------
0 | model | Net  | 51    
-------------------------------
51        Trainable params
0         Non-trainable params
51        Total params
0.000     Total estimated model params size (MB)
[32m[I 2021-11-05 10:23:55,514][0m Trial 8 pruned. Trial was pruned at epoch 0.[0m
GPU available: True, used: True
TPU available: False, using: 0 TPU cores
IPU available: False, using: 0 IPUs
LOCAL_RANK: 0 - CUDA_VISIBLE_DEVICES: [0]

  | Name  | Type | Params
-------------------------------
0 | model | Net  | 271   
-------------------------------
271       Trainable params
0         Non-trainable params
271       Total params
0.001     Total estimated model params size (MB)
[32m[I 2021-11-05 10:23:55,522][0m Trial 9 pruned. Trial was pruned at epoch 0.[0m
GPU available: True, used: True
TPU available: False, using: 0 TPU cores
IPU available: False, using: 0 IPUs
LOCAL_RANK: 0 - CUDA_VISIBLE_DEVICES: [0]

  | Name  | Type | Params
-------------------------------
0 | model | Net  | 303   
-------------------------------
303       Trainable params
0         Non-trainable params
303       Total params
0.001     Total estimated model params size (MB)
[32m[I 2021-11-05 10:23:55,540][0m Trial 10 pruned. Trial was pruned at epoch 0.[0m
GPU available: True, used: True
TPU available: False, using: 0 TPU cores
IPU available: False, using: 0 IPUs
LOCAL_RANK: 0 - CUDA_VISIBLE_DEVICES: [0]

  | Name  | Type | Params
-------------------------------
0 | model | Net  | 121   
-------------------------------
121       Trainable params
0         Non-trainable params
121       Total params
0.000     Total estimated model params size (MB)
[32m[I 2021-11-05 10:23:55,556][0m Trial 11 pruned. Trial was pruned at epoch 0.[0m
GPU available: True, used: True
TPU available: False, using: 0 TPU cores
IPU available: False, using: 0 IPUs
LOCAL_RANK: 0 - CUDA_VISIBLE_DEVICES: [0]

  | Name  | Type | Params
-------------------------------
0 | model | Net  | 91    
-------------------------------
91        Trainable params
0         Non-trainable params
91        Total params
0.000     Total estimated model params size (MB)
[32m[I 2021-11-05 10:23:55,572][0m Trial 12 pruned. Trial was pruned at epoch 0.[0m
GPU available: True, used: True
TPU available: False, using: 0 TPU cores
IPU available: False, using: 0 IPUs
LOCAL_RANK: 0 - CUDA_VISIBLE_DEVICES: [0]

  | Name  | Type | Params
-------------------------------
0 | model | Net  | 91    
-------------------------------
91        Trainable params
0         Non-trainable params
91        Total params
0.000     Total estimated model params size (MB)
[32m[I 2021-11-05 10:23:55,588][0m Trial 13 pruned. Trial was pruned at epoch 0.[0m
GPU available: True, used: True
TPU available: False, using: 0 TPU cores
IPU available: False, using: 0 IPUs
LOCAL_RANK: 0 - CUDA_VISIBLE_DEVICES: [0]

  | Name  | Type | Params
-------------------------------
0 | model | Net  | 181   
-------------------------------
181       Trainable params
0         Non-trainable params
181       Total params
0.001     Total estimated model params size (MB)
[32m[I 2021-11-05 10:23:55,604][0m Trial 14 pruned. Trial was pruned at epoch 0.[0m
GPU available: True, used: True
TPU available: False, using: 0 TPU cores
IPU available: False, using: 0 IPUs
LOCAL_RANK: 0 - CUDA_VISIBLE_DEVICES: [0]

  | Name  | Type | Params
-------------------------------
0 | model | Net  | 327   
-------------------------------
327       Trainable params
0         Non-trainable params
327       Total params
0.001     Total estimated model params size (MB)
Global seed set to 42
[32m[I 2021-11-05 10:24:04,858][0m Trial 15 pruned. Trial was pruned at epoch 2.[0m
GPU available: True, used: True
TPU available: False, using: 0 TPU cores
IPU available: False, using: 0 IPUs
LOCAL_RANK: 0 - CUDA_VISIBLE_DEVICES: [0]

  | Name  | Type | Params
-------------------------------
0 | model | Net  | 91    
-------------------------------
91        Trainable params
0         Non-trainable params
91        Total params
0.000     Total estimated model params size (MB)
[32m[I 2021-11-05 10:24:04,882][0m Trial 16 pruned. Trial was pruned at epoch 0.[0m
GPU available: True, used: True
TPU available: False, using: 0 TPU cores
IPU available: False, using: 0 IPUs
LOCAL_RANK: 0 - CUDA_VISIBLE_DEVICES: [0]

  | Name  | Type | Params
-------------------------------
0 | model | Net  | 216   
-------------------------------
216       Trainable params
0         Non-trainable params
216       Total params
0.001     Total estimated model params size (MB)
[32m[I 2021-11-05 10:24:04,900][0m Trial 17 pruned. Trial was pruned at epoch 0.[0m
GPU available: True, used: True
TPU available: False, using: 0 TPU cores
IPU available: False, using: 0 IPUs
LOCAL_RANK: 0 - CUDA_VISIBLE_DEVICES: [0]

  | Name  | Type | Params
-------------------------------
0 | model | Net  | 241   
-------------------------------
241       Trainable params
0         Non-trainable params
241       Total params
0.001     Total estimated model params size (MB)
[32m[I 2021-11-05 10:24:04,915][0m Trial 18 pruned. Trial was pruned at epoch 0.[0m
GPU available: True, used: True
TPU available: False, using: 0 TPU cores
IPU available: False, using: 0 IPUs
LOCAL_RANK: 0 - CUDA_VISIBLE_DEVICES: [0]

  | Name  | Type | Params
-------------------------------
0 | model | Net  | 75    
-------------------------------
75        Trainable params
0         Non-trainable params
75        Total params
0.000     Total estimated model params size (MB)
[32m[I 2021-11-05 10:24:04,935][0m Trial 19 pruned. Trial was pruned at epoch 0.[0m
GPU available: True, used: True
TPU available: False, using: 0 TPU cores
IPU available: False, using: 0 IPUs
LOCAL_RANK: 0 - CUDA_VISIBLE_DEVICES: [0]

  | Name  | Type | Params
-------------------------------
0 | model | Net  | 181   
-------------------------------
181       Trainable params
0         Non-trainable params
181       Total params
0.001     Total estimated model params size (MB)
[32m[I 2021-11-05 10:24:04,951][0m Trial 20 pruned. Trial was pruned at epoch 0.[0m
GPU available: True, used: True
TPU available: False, using: 0 TPU cores
IPU available: False, using: 0 IPUs
LOCAL_RANK: 0 - CUDA_VISIBLE_DEVICES: [0]

  | Name  | Type | Params
-------------------------------
0 | model | Net  | 241   
-------------------------------
241       Trainable params
0         Non-trainable params
241       Total params
0.001     Total estimated model params size (MB)
[32m[I 2021-11-05 10:24:04,967][0m Trial 21 pruned. Trial was pruned at epoch 0.[0m
GPU available: True, used: True
TPU available: False, using: 0 TPU cores
IPU available: False, using: 0 IPUs
LOCAL_RANK: 0 - CUDA_VISIBLE_DEVICES: [0]

  | Name  | Type | Params
-------------------------------
0 | model | Net  | 211   
-------------------------------
211       Trainable params
0         Non-trainable params
211       Total params
0.001     Total estimated model params size (MB)
[32m[I 2021-11-05 10:24:04,984][0m Trial 22 pruned. Trial was pruned at epoch 0.[0m
GPU available: True, used: True
TPU available: False, using: 0 TPU cores
IPU available: False, using: 0 IPUs
LOCAL_RANK: 0 - CUDA_VISIBLE_DEVICES: [0]

  | Name  | Type | Params
-------------------------------
0 | model | Net  | 271   
-------------------------------
271       Trainable params
0         Non-trainable params
271       Total params
0.001     Total estimated model params size (MB)
[32m[I 2021-11-05 10:24:05,000][0m Trial 23 pruned. Trial was pruned at epoch 0.[0m
GPU available: True, used: True
TPU available: False, using: 0 TPU cores
IPU available: False, using: 0 IPUs
LOCAL_RANK: 0 - CUDA_VISIBLE_DEVICES: [0]

  | Name  | Type | Params
-------------------------------
0 | model | Net  | 211   
-------------------------------
211       Trainable params
0         Non-trainable params
211       Total params
0.001     Total estimated model params size (MB)
Global seed set to 42
[32m[I 2021-11-05 10:24:38,754][0m Trial 24 finished with value: 0.4512421786785126 and parameters: {'n_layers': 1, 'n_hidden_0': 7, 'lr': 0.0051896150171407565, 'p_dropout': 0.049608033226571986}. Best is trial 3 with value: 0.4453430771827698.[0m
GPU available: True, used: True
TPU available: False, using: 0 TPU cores
IPU available: False, using: 0 IPUs
LOCAL_RANK: 0 - CUDA_VISIBLE_DEVICES: [0]

  | Name  | Type | Params
-------------------------------
0 | model | Net  | 271   
-------------------------------
271       Trainable params
0         Non-trainable params
271       Total params
0.001     Total estimated model params size (MB)
[32m[I 2021-11-05 10:24:38,775][0m Trial 25 pruned. Trial was pruned at epoch 0.[0m
GPU available: True, used: True
TPU available: False, using: 0 TPU cores
IPU available: False, using: 0 IPUs
LOCAL_RANK: 0 - CUDA_VISIBLE_DEVICES: [0]

  | Name  | Type | Params
-------------------------------
0 | model | Net  | 165   
-------------------------------
165       Trainable params
0         Non-trainable params
165       Total params
0.001     Total estimated model params size (MB)
Global seed set to 42
[32m[I 2021-11-05 10:24:44,970][0m Trial 26 pruned. Trial was pruned at epoch 1.[0m
GPU available: True, used: True
TPU available: False, using: 0 TPU cores
IPU available: False, using: 0 IPUs
LOCAL_RANK: 0 - CUDA_VISIBLE_DEVICES: [0]

  | Name  | Type | Params
-------------------------------
0 | model | Net  | 181   
-------------------------------
181       Trainable params
0         Non-trainable params
181       Total params
0.001     Total estimated model params size (MB)
[32m[I 2021-11-05 10:24:44,994][0m Trial 27 pruned. Trial was pruned at epoch 0.[0m
GPU available: True, used: True
TPU available: False, using: 0 TPU cores
IPU available: False, using: 0 IPUs
LOCAL_RANK: 0 - CUDA_VISIBLE_DEVICES: [0]

  | Name  | Type | Params
-------------------------------
0 | model | Net  | 253   
-------------------------------
253       Trainable params
0         Non-trainable params
253       Total params
0.001     Total estimated model params size (MB)
[32m[I 2021-11-05 10:24:45,013][0m Trial 28 pruned. Trial was pruned at epoch 0.[0m
GPU available: True, used: True
TPU available: False, using: 0 TPU cores
IPU available: False, using: 0 IPUs
LOCAL_RANK: 0 - CUDA_VISIBLE_DEVICES: [0]

  | Name  | Type | Params
-------------------------------
0 | model | Net  | 301   
-------------------------------
301       Trainable params
0         Non-trainable params
301       Total params
0.001     Total estimated model params size (MB)
[32m[I 2021-11-05 10:24:45,029][0m Trial 29 pruned. Trial was pruned at epoch 0.[0m
GPU available: True, used: True
TPU available: False, using: 0 TPU cores
IPU available: False, using: 0 IPUs
LOCAL_RANK: 0 - CUDA_VISIBLE_DEVICES: [0]

  | Name  | Type | Params
-------------------------------
0 | model | Net  | 294   
-------------------------------
294       Trainable params
0         Non-trainable params
294       Total params
0.001     Total estimated model params size (MB)
[32m[I 2021-11-05 10:24:45,048][0m Trial 30 pruned. Trial was pruned at epoch 0.[0m
GPU available: True, used: True
TPU available: False, using: 0 TPU cores
IPU available: False, using: 0 IPUs
LOCAL_RANK: 0 - CUDA_VISIBLE_DEVICES: [0]

  | Name  | Type | Params
-------------------------------
0 | model | Net  | 211   
-------------------------------
211       Trainable params
0         Non-trainable params
211       Total params
0.001     Total estimated model params size (MB)
[32m[I 2021-11-05 10:24:45,065][0m Trial 31 pruned. Trial was pruned at epoch 0.[0m
GPU available: True, used: True
TPU available: False, using: 0 TPU cores
IPU available: False, using: 0 IPUs
LOCAL_RANK: 0 - CUDA_VISIBLE_DEVICES: [0]

  | Name  | Type | Params
-------------------------------
0 | model | Net  | 151   
-------------------------------
151       Trainable params
0         Non-trainable params
151       Total params
0.001     Total estimated model params size (MB)
Global seed set to 42
[32m[I 2021-11-05 10:24:50,800][0m Trial 32 pruned. Trial was pruned at epoch 1.[0m
GPU available: True, used: True
TPU available: False, using: 0 TPU cores
IPU available: False, using: 0 IPUs
LOCAL_RANK: 0 - CUDA_VISIBLE_DEVICES: [0]

  | Name  | Type | Params
-------------------------------
0 | model | Net  | 241   
-------------------------------
241       Trainable params
0         Non-trainable params
241       Total params
0.001     Total estimated model params size (MB)
[32m[I 2021-11-05 10:24:50,823][0m Trial 33 pruned. Trial was pruned at epoch 0.[0m
GPU available: True, used: True
TPU available: False, using: 0 TPU cores
IPU available: False, using: 0 IPUs
LOCAL_RANK: 0 - CUDA_VISIBLE_DEVICES: [0]

  | Name  | Type | Params
-------------------------------
0 | model | Net  | 271   
-------------------------------
271       Trainable params
0         Non-trainable params
271       Total params
0.001     Total estimated model params size (MB)
[32m[I 2021-11-05 10:24:50,840][0m Trial 34 pruned. Trial was pruned at epoch 0.[0m
GPU available: True, used: True
TPU available: False, using: 0 TPU cores
IPU available: False, using: 0 IPUs
LOCAL_RANK: 0 - CUDA_VISIBLE_DEVICES: [0]

  | Name  | Type | Params
-------------------------------
0 | model | Net  | 181   
-------------------------------
181       Trainable params
0         Non-trainable params
181       Total params
0.001     Total estimated model params size (MB)
[32m[I 2021-11-05 10:24:50,856][0m Trial 35 pruned. Trial was pruned at epoch 0.[0m
GPU available: True, used: True
TPU available: False, using: 0 TPU cores
IPU available: False, using: 0 IPUs
LOCAL_RANK: 0 - CUDA_VISIBLE_DEVICES: [0]

  | Name  | Type | Params
-------------------------------
0 | model | Net  | 147   
-------------------------------
147       Trainable params
0         Non-trainable params
147       Total params
0.001     Total estimated model params size (MB)
[32m[I 2021-11-05 10:24:50,874][0m Trial 36 pruned. Trial was pruned at epoch 0.[0m
GPU available: True, used: True
TPU available: False, using: 0 TPU cores
IPU available: False, using: 0 IPUs
LOCAL_RANK: 0 - CUDA_VISIBLE_DEVICES: [0]

  | Name  | Type | Params
-------------------------------
0 | model | Net  | 211   
-------------------------------
211       Trainable params
0         Non-trainable params
211       Total params
0.001     Total estimated model params size (MB)
[32m[I 2021-11-05 10:24:50,892][0m Trial 37 pruned. Trial was pruned at epoch 0.[0m
GPU available: True, used: True
TPU available: False, using: 0 TPU cores
IPU available: False, using: 0 IPUs
LOCAL_RANK: 0 - CUDA_VISIBLE_DEVICES: [0]

  | Name  | Type | Params
-------------------------------
0 | model | Net  | 91    
-------------------------------
91        Trainable params
0         Non-trainable params
91        Total params
0.000     Total estimated model params size (MB)
[32m[I 2021-11-05 10:24:50,911][0m Trial 38 pruned. Trial was pruned at epoch 0.[0m
GPU available: True, used: True
TPU available: False, using: 0 TPU cores
IPU available: False, using: 0 IPUs
LOCAL_RANK: 0 - CUDA_VISIBLE_DEVICES: [0]

  | Name  | Type | Params
-------------------------------
0 | model | Net  | 211   
-------------------------------
211       Trainable params
0         Non-trainable params
211       Total params
0.001     Total estimated model params size (MB)
[32m[I 2021-11-05 10:24:50,928][0m Trial 39 pruned. Trial was pruned at epoch 0.[0m
GPU available: True, used: True
TPU available: False, using: 0 TPU cores
IPU available: False, using: 0 IPUs
LOCAL_RANK: 0 - CUDA_VISIBLE_DEVICES: [0]

  | Name  | Type | Params
-------------------------------
0 | model | Net  | 241   
-------------------------------
241       Trainable params
0         Non-trainable params
241       Total params
0.001     Total estimated model params size (MB)
[32m[I 2021-11-05 10:24:50,944][0m Trial 40 pruned. Trial was pruned at epoch 0.[0m
GPU available: True, used: True
TPU available: False, using: 0 TPU cores
IPU available: False, using: 0 IPUs
LOCAL_RANK: 0 - CUDA_VISIBLE_DEVICES: [0]

  | Name  | Type | Params
-------------------------------
0 | model | Net  | 51    
-------------------------------
51        Trainable params
0         Non-trainable params
51        Total params
0.000     Total estimated model params size (MB)
[32m[I 2021-11-05 10:24:50,964][0m Trial 41 pruned. Trial was pruned at epoch 0.[0m
GPU available: True, used: True
TPU available: False, using: 0 TPU cores
IPU available: False, using: 0 IPUs
LOCAL_RANK: 0 - CUDA_VISIBLE_DEVICES: [0]

  | Name  | Type | Params
-------------------------------
0 | model | Net  | 83    
-------------------------------
83        Trainable params
0         Non-trainable params
83        Total params
0.000     Total estimated model params size (MB)
[32m[I 2021-11-05 10:24:50,983][0m Trial 42 pruned. Trial was pruned at epoch 0.[0m
GPU available: True, used: True
TPU available: False, using: 0 TPU cores
IPU available: False, using: 0 IPUs
LOCAL_RANK: 0 - CUDA_VISIBLE_DEVICES: [0]

  | Name  | Type | Params
-------------------------------
0 | model | Net  | 54    
-------------------------------
54        Trainable params
0         Non-trainable params
54        Total params
0.000     Total estimated model params size (MB)
Global seed set to 42
[32m[I 2021-11-05 10:24:57,268][0m Trial 43 pruned. Trial was pruned at epoch 1.[0m
GPU available: True, used: True
TPU available: False, using: 0 TPU cores
IPU available: False, using: 0 IPUs
LOCAL_RANK: 0 - CUDA_VISIBLE_DEVICES: [0]

  | Name  | Type | Params
-------------------------------
0 | model | Net  | 51    
-------------------------------
51        Trainable params
0         Non-trainable params
51        Total params
0.000     Total estimated model params size (MB)
[32m[I 2021-11-05 10:24:57,295][0m Trial 44 pruned. Trial was pruned at epoch 0.[0m
GPU available: True, used: True
TPU available: False, using: 0 TPU cores
IPU available: False, using: 0 IPUs
LOCAL_RANK: 0 - CUDA_VISIBLE_DEVICES: [0]

  | Name  | Type | Params
-------------------------------
0 | model | Net  | 75    
-------------------------------
75        Trainable params
0         Non-trainable params
75        Total params
0.000     Total estimated model params size (MB)
Global seed set to 42
[32m[I 2021-11-05 10:25:03,514][0m Trial 45 pruned. Trial was pruned at epoch 1.[0m
GPU available: True, used: True
TPU available: False, using: 0 TPU cores
IPU available: False, using: 0 IPUs
LOCAL_RANK: 0 - CUDA_VISIBLE_DEVICES: [0]

  | Name  | Type | Params
-------------------------------
0 | model | Net  | 209   
-------------------------------
209       Trainable params
0         Non-trainable params
209       Total params
0.001     Total estimated model params size (MB)
[32m[I 2021-11-05 10:25:03,540][0m Trial 46 pruned. Trial was pruned at epoch 0.[0m
GPU available: True, used: True
TPU available: False, using: 0 TPU cores
IPU available: False, using: 0 IPUs
LOCAL_RANK: 0 - CUDA_VISIBLE_DEVICES: [0]

  | Name  | Type | Params
-------------------------------
0 | model | Net  | 91    
-------------------------------
91        Trainable params
0         Non-trainable params
91        Total params
0.000     Total estimated model params size (MB)
[32m[I 2021-11-05 10:25:03,558][0m Trial 47 pruned. Trial was pruned at epoch 0.[0m
GPU available: True, used: True
TPU available: False, using: 0 TPU cores
IPU available: False, using: 0 IPUs
LOCAL_RANK: 0 - CUDA_VISIBLE_DEVICES: [0]

  | Name  | Type | Params
-------------------------------
0 | model | Net  | 328   
-------------------------------
328       Trainable params
0         Non-trainable params
328       Total params
0.001     Total estimated model params size (MB)
[32m[I 2021-11-05 10:25:03,577][0m Trial 48 pruned. Trial was pruned at epoch 0.[0m
GPU available: True, used: True
TPU available: False, using: 0 TPU cores
IPU available: False, using: 0 IPUs
LOCAL_RANK: 0 - CUDA_VISIBLE_DEVICES: [0]

  | Name  | Type | Params
-------------------------------
0 | model | Net  | 181   
-------------------------------
181       Trainable params
0         Non-trainable params
181       Total params
0.001     Total estimated model params size (MB)
[32m[I 2021-11-05 10:25:03,593][0m Trial 49 pruned. Trial was pruned at epoch 0.[0m
GPU available: True, used: True
TPU available: False, using: 0 TPU cores
IPU available: False, using: 0 IPUs
LOCAL_RANK: 0 - CUDA_VISIBLE_DEVICES: [0]

  | Name  | Type | Params
-------------------------------
0 | model | Net  | 31    
-------------------------------
31        Trainable params
0         Non-trainable params
31        Total params
0.000     Total estimated model params size (MB)
[32m[I 2021-11-05 10:25:03,609][0m Trial 50 pruned. Trial was pruned at epoch 0.[0m
GPU available: True, used: True
TPU available: False, using: 0 TPU cores
IPU available: False, using: 0 IPUs
LOCAL_RANK: 0 - CUDA_VISIBLE_DEVICES: [0]

  | Name  | Type | Params
-------------------------------
0 | model | Net  | 293   
-------------------------------
293       Trainable params
0         Non-trainable params
293       Total params
0.001     Total estimated model params size (MB)
Global seed set to 42
[32m[I 2021-11-05 10:25:09,818][0m Trial 51 pruned. Trial was pruned at epoch 1.[0m
GPU available: True, used: True
TPU available: False, using: 0 TPU cores
IPU available: False, using: 0 IPUs
LOCAL_RANK: 0 - CUDA_VISIBLE_DEVICES: [0]

  | Name  | Type | Params
-------------------------------
0 | model | Net  | 339   
-------------------------------
339       Trainable params
0         Non-trainable params
339       Total params
0.001     Total estimated model params size (MB)
[32m[I 2021-11-05 10:25:09,843][0m Trial 52 pruned. Trial was pruned at epoch 0.[0m
GPU available: True, used: True
TPU available: False, using: 0 TPU cores
IPU available: False, using: 0 IPUs
LOCAL_RANK: 0 - CUDA_VISIBLE_DEVICES: [0]

  | Name  | Type | Params
-------------------------------
0 | model | Net  | 351   
-------------------------------
351       Trainable params
0         Non-trainable params
351       Total params
0.001     Total estimated model params size (MB)
[32m[I 2021-11-05 10:25:09,862][0m Trial 53 pruned. Trial was pruned at epoch 0.[0m
GPU available: True, used: True
TPU available: False, using: 0 TPU cores
IPU available: False, using: 0 IPUs
LOCAL_RANK: 0 - CUDA_VISIBLE_DEVICES: [0]

  | Name  | Type | Params
-------------------------------
0 | model | Net  | 240   
-------------------------------
240       Trainable params
0         Non-trainable params
240       Total params
0.001     Total estimated model params size (MB)
[32m[I 2021-11-05 10:25:09,882][0m Trial 54 pruned. Trial was pruned at epoch 0.[0m
GPU available: True, used: True
TPU available: False, using: 0 TPU cores
IPU available: False, using: 0 IPUs
LOCAL_RANK: 0 - CUDA_VISIBLE_DEVICES: [0]

  | Name  | Type | Params
-------------------------------
0 | model | Net  | 323   
-------------------------------
323       Trainable params
0         Non-trainable params
323       Total params
0.001     Total estimated model params size (MB)
[32m[I 2021-11-05 10:25:09,901][0m Trial 55 pruned. Trial was pruned at epoch 0.[0m
GPU available: True, used: True
TPU available: False, using: 0 TPU cores
IPU available: False, using: 0 IPUs
LOCAL_RANK: 0 - CUDA_VISIBLE_DEVICES: [0]

  | Name  | Type | Params
-------------------------------
0 | model | Net  | 293   
-------------------------------
293       Trainable params
0         Non-trainable params
293       Total params
0.001     Total estimated model params size (MB)
[32m[I 2021-11-05 10:25:09,921][0m Trial 56 pruned. Trial was pruned at epoch 0.[0m
GPU available: True, used: True
TPU available: False, using: 0 TPU cores
IPU available: False, using: 0 IPUs
LOCAL_RANK: 0 - CUDA_VISIBLE_DEVICES: [0]

  | Name  | Type | Params
-------------------------------
0 | model | Net  | 211   
-------------------------------
211       Trainable params
0         Non-trainable params
211       Total params
0.001     Total estimated model params size (MB)
[32m[I 2021-11-05 10:25:09,937][0m Trial 57 pruned. Trial was pruned at epoch 0.[0m
GPU available: True, used: True
TPU available: False, using: 0 TPU cores
IPU available: False, using: 0 IPUs
LOCAL_RANK: 0 - CUDA_VISIBLE_DEVICES: [0]

  | Name  | Type | Params
-------------------------------
0 | model | Net  | 271   
-------------------------------
271       Trainable params
0         Non-trainable params
271       Total params
0.001     Total estimated model params size (MB)
[32m[I 2021-11-05 10:25:09,956][0m Trial 58 pruned. Trial was pruned at epoch 0.[0m
GPU available: True, used: True
TPU available: False, using: 0 TPU cores
IPU available: False, using: 0 IPUs
LOCAL_RANK: 0 - CUDA_VISIBLE_DEVICES: [0]

  | Name  | Type | Params
-------------------------------
0 | model | Net  | 91    
-------------------------------
91        Trainable params
0         Non-trainable params
91        Total params
0.000     Total estimated model params size (MB)
[32m[I 2021-11-05 10:25:09,975][0m Trial 59 pruned. Trial was pruned at epoch 0.[0m
GPU available: True, used: True
TPU available: False, using: 0 TPU cores
IPU available: False, using: 0 IPUs
LOCAL_RANK: 0 - CUDA_VISIBLE_DEVICES: [0]

  | Name  | Type | Params
-------------------------------
0 | model | Net  | 301   
-------------------------------
301       Trainable params
0         Non-trainable params
301       Total params
0.001     Total estimated model params size (MB)
[32m[I 2021-11-05 10:25:09,993][0m Trial 60 pruned. Trial was pruned at epoch 0.[0m
GPU available: True, used: True
TPU available: False, using: 0 TPU cores
IPU available: False, using: 0 IPUs
LOCAL_RANK: 0 - CUDA_VISIBLE_DEVICES: [0]

  | Name  | Type | Params
-------------------------------
0 | model | Net  | 327   
-------------------------------
327       Trainable params
0         Non-trainable params
327       Total params
0.001     Total estimated model params size (MB)
Global seed set to 42
[32m[I 2021-11-05 10:25:16,203][0m Trial 61 pruned. Trial was pruned at epoch 1.[0m
GPU available: True, used: True
TPU available: False, using: 0 TPU cores
IPU available: False, using: 0 IPUs
LOCAL_RANK: 0 - CUDA_VISIBLE_DEVICES: [0]

  | Name  | Type | Params
-------------------------------
0 | model | Net  | 327   
-------------------------------
327       Trainable params
0         Non-trainable params
327       Total params
0.001     Total estimated model params size (MB)
[32m[I 2021-11-05 10:25:16,230][0m Trial 62 pruned. Trial was pruned at epoch 0.[0m
GPU available: True, used: True
TPU available: False, using: 0 TPU cores
IPU available: False, using: 0 IPUs
LOCAL_RANK: 0 - CUDA_VISIBLE_DEVICES: [0]

  | Name  | Type | Params
-------------------------------
0 | model | Net  | 273   
-------------------------------
273       Trainable params
0         Non-trainable params
273       Total params
0.001     Total estimated model params size (MB)
[32m[I 2021-11-05 10:25:16,249][0m Trial 63 pruned. Trial was pruned at epoch 0.[0m
GPU available: True, used: True
TPU available: False, using: 0 TPU cores
IPU available: False, using: 0 IPUs
LOCAL_RANK: 0 - CUDA_VISIBLE_DEVICES: [0]

  | Name  | Type | Params
-------------------------------
0 | model | Net  | 147   
-------------------------------
147       Trainable params
0         Non-trainable params
147       Total params
0.001     Total estimated model params size (MB)
[32m[I 2021-11-05 10:25:16,270][0m Trial 64 pruned. Trial was pruned at epoch 0.[0m
GPU available: True, used: True
TPU available: False, using: 0 TPU cores
IPU available: False, using: 0 IPUs
LOCAL_RANK: 0 - CUDA_VISIBLE_DEVICES: [0]

  | Name  | Type | Params
-------------------------------
0 | model | Net  | 339   
-------------------------------
339       Trainable params
0         Non-trainable params
339       Total params
0.001     Total estimated model params size (MB)
[32m[I 2021-11-05 10:25:16,289][0m Trial 65 pruned. Trial was pruned at epoch 0.[0m
GPU available: True, used: True
TPU available: False, using: 0 TPU cores
IPU available: False, using: 0 IPUs
LOCAL_RANK: 0 - CUDA_VISIBLE_DEVICES: [0]

  | Name  | Type | Params
-------------------------------
0 | model | Net  | 327   
-------------------------------
327       Trainable params
0         Non-trainable params
327       Total params
0.001     Total estimated model params size (MB)
Global seed set to 42
[32m[I 2021-11-05 10:25:22,490][0m Trial 66 pruned. Trial was pruned at epoch 1.[0m
GPU available: True, used: True
TPU available: False, using: 0 TPU cores
IPU available: False, using: 0 IPUs
LOCAL_RANK: 0 - CUDA_VISIBLE_DEVICES: [0]

  | Name  | Type | Params
-------------------------------
0 | model | Net  | 181   
-------------------------------
181       Trainable params
0         Non-trainable params
181       Total params
0.001     Total estimated model params size (MB)
[32m[I 2021-11-05 10:25:22,514][0m Trial 67 pruned. Trial was pruned at epoch 0.[0m
GPU available: True, used: True
TPU available: False, using: 0 TPU cores
IPU available: False, using: 0 IPUs
LOCAL_RANK: 0 - CUDA_VISIBLE_DEVICES: [0]

  | Name  | Type | Params
-------------------------------
0 | model | Net  | 241   
-------------------------------
241       Trainable params
0         Non-trainable params
241       Total params
0.001     Total estimated model params size (MB)
[32m[I 2021-11-05 10:25:22,531][0m Trial 68 pruned. Trial was pruned at epoch 0.[0m
GPU available: True, used: True
TPU available: False, using: 0 TPU cores
IPU available: False, using: 0 IPUs
LOCAL_RANK: 0 - CUDA_VISIBLE_DEVICES: [0]

  | Name  | Type | Params
-------------------------------
0 | model | Net  | 222   
-------------------------------
222       Trainable params
0         Non-trainable params
222       Total params
0.001     Total estimated model params size (MB)
[32m[I 2021-11-05 10:25:22,551][0m Trial 69 pruned. Trial was pruned at epoch 0.[0m
GPU available: True, used: True
TPU available: False, using: 0 TPU cores
IPU available: False, using: 0 IPUs
LOCAL_RANK: 0 - CUDA_VISIBLE_DEVICES: [0]

  | Name  | Type | Params
-------------------------------
0 | model | Net  | 151   
-------------------------------
151       Trainable params
0         Non-trainable params
151       Total params
0.001     Total estimated model params size (MB)
[32m[I 2021-11-05 10:25:22,569][0m Trial 70 pruned. Trial was pruned at epoch 0.[0m
GPU available: True, used: True
TPU available: False, using: 0 TPU cores
IPU available: False, using: 0 IPUs
LOCAL_RANK: 0 - CUDA_VISIBLE_DEVICES: [0]

  | Name  | Type | Params
-------------------------------
0 | model | Net  | 327   
-------------------------------
327       Trainable params
0         Non-trainable params
327       Total params
0.001     Total estimated model params size (MB)
[32m[I 2021-11-05 10:25:22,588][0m Trial 71 pruned. Trial was pruned at epoch 0.[0m
GPU available: True, used: True
TPU available: False, using: 0 TPU cores
IPU available: False, using: 0 IPUs
LOCAL_RANK: 0 - CUDA_VISIBLE_DEVICES: [0]

  | Name  | Type | Params
-------------------------------
0 | model | Net  | 315   
-------------------------------
315       Trainable params
0         Non-trainable params
315       Total params
0.001     Total estimated model params size (MB)
[32m[I 2021-11-05 10:25:22,607][0m Trial 72 pruned. Trial was pruned at epoch 0.[0m
GPU available: True, used: True
TPU available: False, using: 0 TPU cores
IPU available: False, using: 0 IPUs
LOCAL_RANK: 0 - CUDA_VISIBLE_DEVICES: [0]

  | Name  | Type | Params
-------------------------------
0 | model | Net  | 306   
-------------------------------
306       Trainable params
0         Non-trainable params
306       Total params
0.001     Total estimated model params size (MB)
Global seed set to 42
[32m[I 2021-11-05 10:25:28,817][0m Trial 73 pruned. Trial was pruned at epoch 1.[0m
GPU available: True, used: True
TPU available: False, using: 0 TPU cores
IPU available: False, using: 0 IPUs
LOCAL_RANK: 0 - CUDA_VISIBLE_DEVICES: [0]

  | Name  | Type | Params
-------------------------------
0 | model | Net  | 306   
-------------------------------
306       Trainable params
0         Non-trainable params
306       Total params
0.001     Total estimated model params size (MB)
[32m[I 2021-11-05 10:25:28,844][0m Trial 74 pruned. Trial was pruned at epoch 0.[0m
GPU available: True, used: True
TPU available: False, using: 0 TPU cores
IPU available: False, using: 0 IPUs
LOCAL_RANK: 0 - CUDA_VISIBLE_DEVICES: [0]

  | Name  | Type | Params
-------------------------------
0 | model | Net  | 283   
-------------------------------
283       Trainable params
0         Non-trainable params
283       Total params
0.001     Total estimated model params size (MB)
[32m[I 2021-11-05 10:25:28,863][0m Trial 75 pruned. Trial was pruned at epoch 0.[0m
GPU available: True, used: True
TPU available: False, using: 0 TPU cores
IPU available: False, using: 0 IPUs
LOCAL_RANK: 0 - CUDA_VISIBLE_DEVICES: [0]

  | Name  | Type | Params
-------------------------------
0 | model | Net  | 328   
-------------------------------
328       Trainable params
0         Non-trainable params
328       Total params
0.001     Total estimated model params size (MB)
[32m[I 2021-11-05 10:25:28,884][0m Trial 76 pruned. Trial was pruned at epoch 0.[0m
GPU available: True, used: True
TPU available: False, using: 0 TPU cores
IPU available: False, using: 0 IPUs
LOCAL_RANK: 0 - CUDA_VISIBLE_DEVICES: [0]

  | Name  | Type | Params
-------------------------------
0 | model | Net  | 108   
-------------------------------
108       Trainable params
0         Non-trainable params
108       Total params
0.000     Total estimated model params size (MB)
[32m[I 2021-11-05 10:25:28,904][0m Trial 77 pruned. Trial was pruned at epoch 0.[0m
GPU available: True, used: True
TPU available: False, using: 0 TPU cores
IPU available: False, using: 0 IPUs
LOCAL_RANK: 0 - CUDA_VISIBLE_DEVICES: [0]

  | Name  | Type | Params
-------------------------------
0 | model | Net  | 241   
-------------------------------
241       Trainable params
0         Non-trainable params
241       Total params
0.001     Total estimated model params size (MB)
[32m[I 2021-11-05 10:25:28,922][0m Trial 78 pruned. Trial was pruned at epoch 0.[0m
GPU available: True, used: True
TPU available: False, using: 0 TPU cores
IPU available: False, using: 0 IPUs
LOCAL_RANK: 0 - CUDA_VISIBLE_DEVICES: [0]

  | Name  | Type | Params
-------------------------------
0 | model | Net  | 54    
-------------------------------
54        Trainable params
0         Non-trainable params
54        Total params
0.000     Total estimated model params size (MB)
[32m[I 2021-11-05 10:25:28,944][0m Trial 79 pruned. Trial was pruned at epoch 0.[0m
GPU available: True, used: True
TPU available: False, using: 0 TPU cores
IPU available: False, using: 0 IPUs
LOCAL_RANK: 0 - CUDA_VISIBLE_DEVICES: [0]

  | Name  | Type | Params
-------------------------------
0 | model | Net  | 61    
-------------------------------
61        Trainable params
0         Non-trainable params
61        Total params
0.000     Total estimated model params size (MB)
Global seed set to 42
[32m[I 2021-11-05 10:25:34,631][0m Trial 80 pruned. Trial was pruned at epoch 1.[0m
GPU available: True, used: True
TPU available: False, using: 0 TPU cores
IPU available: False, using: 0 IPUs
LOCAL_RANK: 0 - CUDA_VISIBLE_DEVICES: [0]

  | Name  | Type | Params
-------------------------------
0 | model | Net  | 327   
-------------------------------
327       Trainable params
0         Non-trainable params
327       Total params
0.001     Total estimated model params size (MB)
[32m[I 2021-11-05 10:25:34,658][0m Trial 81 pruned. Trial was pruned at epoch 0.[0m
GPU available: True, used: True
TPU available: False, using: 0 TPU cores
IPU available: False, using: 0 IPUs
LOCAL_RANK: 0 - CUDA_VISIBLE_DEVICES: [0]

  | Name  | Type | Params
-------------------------------
0 | model | Net  | 315   
-------------------------------
315       Trainable params
0         Non-trainable params
315       Total params
0.001     Total estimated model params size (MB)
Global seed set to 42
[32m[I 2021-11-05 10:25:43,951][0m Trial 82 pruned. Trial was pruned at epoch 2.[0m
GPU available: True, used: True
TPU available: False, using: 0 TPU cores
IPU available: False, using: 0 IPUs
LOCAL_RANK: 0 - CUDA_VISIBLE_DEVICES: [0]

  | Name  | Type | Params
-------------------------------
0 | model | Net  | 284   
-------------------------------
284       Trainable params
0         Non-trainable params
284       Total params
0.001     Total estimated model params size (MB)
Global seed set to 42
[32m[I 2021-11-05 10:25:50,191][0m Trial 83 pruned. Trial was pruned at epoch 1.[0m
GPU available: True, used: True
TPU available: False, using: 0 TPU cores
IPU available: False, using: 0 IPUs
LOCAL_RANK: 0 - CUDA_VISIBLE_DEVICES: [0]

  | Name  | Type | Params
-------------------------------
0 | model | Net  | 273   
-------------------------------
273       Trainable params
0         Non-trainable params
273       Total params
0.001     Total estimated model params size (MB)
Global seed set to 42
[32m[I 2021-11-05 10:26:51,642][0m Trial 84 finished with value: 0.4442850351333618 and parameters: {'n_layers': 2, 'n_hidden_0': 9, 'n_hidden_1': 1, 'lr': 0.002659102555728029, 'p_dropout': 0.041619104365003476}. Best is trial 84 with value: 0.4442850351333618.[0m
GPU available: True, used: True
TPU available: False, using: 0 TPU cores
IPU available: False, using: 0 IPUs
LOCAL_RANK: 0 - CUDA_VISIBLE_DEVICES: [0]

  | Name  | Type | Params
-------------------------------
0 | model | Net  | 213   
-------------------------------
213       Trainable params
0         Non-trainable params
213       Total params
0.001     Total estimated model params size (MB)
Global seed set to 42
[32m[I 2021-11-05 10:26:57,869][0m Trial 85 pruned. Trial was pruned at epoch 1.[0m
GPU available: True, used: True
TPU available: False, using: 0 TPU cores
IPU available: False, using: 0 IPUs
LOCAL_RANK: 0 - CUDA_VISIBLE_DEVICES: [0]

  | Name  | Type | Params
-------------------------------
0 | model | Net  | 303   
-------------------------------
303       Trainable params
0         Non-trainable params
303       Total params
0.001     Total estimated model params size (MB)
[32m[I 2021-11-05 10:26:57,897][0m Trial 86 pruned. Trial was pruned at epoch 0.[0m
GPU available: True, used: True
TPU available: False, using: 0 TPU cores
IPU available: False, using: 0 IPUs
LOCAL_RANK: 0 - CUDA_VISIBLE_DEVICES: [0]

  | Name  | Type | Params
-------------------------------
0 | model | Net  | 191   
-------------------------------
191       Trainable params
0         Non-trainable params
191       Total params
0.001     Total estimated model params size (MB)
[32m[I 2021-11-05 10:26:57,918][0m Trial 87 pruned. Trial was pruned at epoch 0.[0m
GPU available: True, used: True
TPU available: False, using: 0 TPU cores
IPU available: False, using: 0 IPUs
LOCAL_RANK: 0 - CUDA_VISIBLE_DEVICES: [0]

  | Name  | Type | Params
-------------------------------
0 | model | Net  | 243   
-------------------------------
243       Trainable params
0         Non-trainable params
243       Total params
0.001     Total estimated model params size (MB)
Global seed set to 42
[32m[I 2021-11-05 10:27:04,117][0m Trial 88 pruned. Trial was pruned at epoch 1.[0m
GPU available: True, used: True
TPU available: False, using: 0 TPU cores
IPU available: False, using: 0 IPUs
LOCAL_RANK: 0 - CUDA_VISIBLE_DEVICES: [0]

  | Name  | Type | Params
-------------------------------
0 | model | Net  | 271   
-------------------------------
271       Trainable params
0         Non-trainable params
271       Total params
0.001     Total estimated model params size (MB)
[32m[I 2021-11-05 10:27:04,141][0m Trial 89 pruned. Trial was pruned at epoch 0.[0m
GPU available: True, used: True
TPU available: False, using: 0 TPU cores
IPU available: False, using: 0 IPUs
LOCAL_RANK: 0 - CUDA_VISIBLE_DEVICES: [0]

  | Name  | Type | Params
-------------------------------
0 | model | Net  | 51    
-------------------------------
51        Trainable params
0         Non-trainable params
51        Total params
0.000     Total estimated model params size (MB)
[32m[I 2021-11-05 10:27:04,162][0m Trial 90 pruned. Trial was pruned at epoch 0.[0m
GPU available: True, used: True
TPU available: False, using: 0 TPU cores
IPU available: False, using: 0 IPUs
LOCAL_RANK: 0 - CUDA_VISIBLE_DEVICES: [0]

  | Name  | Type | Params
-------------------------------
0 | model | Net  | 284   
-------------------------------
284       Trainable params
0         Non-trainable params
284       Total params
0.001     Total estimated model params size (MB)
Global seed set to 42
[32m[I 2021-11-05 10:27:25,840][0m Trial 91 finished with value: 0.44816842675209045 and parameters: {'n_layers': 2, 'n_hidden_0': 9, 'n_hidden_1': 2, 'lr': 0.018516205159635993, 'p_dropout': 0.03166703012869914}. Best is trial 84 with value: 0.4442850351333618.[0m
GPU available: True, used: True
TPU available: False, using: 0 TPU cores
IPU available: False, using: 0 IPUs
LOCAL_RANK: 0 - CUDA_VISIBLE_DEVICES: [0]

  | Name  | Type | Params
-------------------------------
0 | model | Net  | 315   
-------------------------------
315       Trainable params
0         Non-trainable params
315       Total params
0.001     Total estimated model params size (MB)
Global seed set to 42
[32m[I 2021-11-05 10:27:50,495][0m Trial 92 finished with value: 0.4483838975429535 and parameters: {'n_layers': 2, 'n_hidden_0': 10, 'n_hidden_1': 2, 'lr': 0.019195876500636016, 'p_dropout': 0.0420572239259542}. Best is trial 84 with value: 0.4442850351333618.[0m
GPU available: True, used: True
TPU available: False, using: 0 TPU cores
IPU available: False, using: 0 IPUs
LOCAL_RANK: 0 - CUDA_VISIBLE_DEVICES: [0]

  | Name  | Type | Params
-------------------------------
0 | model | Net  | 284   
-------------------------------
284       Trainable params
0         Non-trainable params
284       Total params
0.001     Total estimated model params size (MB)
[32m[I 2021-11-05 10:27:50,523][0m Trial 93 pruned. Trial was pruned at epoch 0.[0m
GPU available: True, used: True
TPU available: False, using: 0 TPU cores
IPU available: False, using: 0 IPUs
LOCAL_RANK: 0 - CUDA_VISIBLE_DEVICES: [0]

  | Name  | Type | Params
-------------------------------
0 | model | Net  | 243   
-------------------------------
243       Trainable params
0         Non-trainable params
243       Total params
0.001     Total estimated model params size (MB)
[32m[I 2021-11-05 10:27:50,544][0m Trial 94 pruned. Trial was pruned at epoch 0.[0m
GPU available: True, used: True
TPU available: False, using: 0 TPU cores
IPU available: False, using: 0 IPUs
LOCAL_RANK: 0 - CUDA_VISIBLE_DEVICES: [0]

  | Name  | Type | Params
-------------------------------
0 | model | Net  | 339   
-------------------------------
339       Trainable params
0         Non-trainable params
339       Total params
0.001     Total estimated model params size (MB)
[32m[I 2021-11-05 10:27:50,564][0m Trial 95 pruned. Trial was pruned at epoch 0.[0m
GPU available: True, used: True
TPU available: False, using: 0 TPU cores
IPU available: False, using: 0 IPUs
LOCAL_RANK: 0 - CUDA_VISIBLE_DEVICES: [0]

  | Name  | Type | Params
-------------------------------
0 | model | Net  | 315   
-------------------------------
315       Trainable params
0         Non-trainable params
315       Total params
0.001     Total estimated model params size (MB)
[32m[I 2021-11-05 10:27:50,585][0m Trial 96 pruned. Trial was pruned at epoch 0.[0m
GPU available: True, used: True
TPU available: False, using: 0 TPU cores
IPU available: False, using: 0 IPUs
LOCAL_RANK: 0 - CUDA_VISIBLE_DEVICES: [0]

  | Name  | Type | Params
-------------------------------
0 | model | Net  | 328   
-------------------------------
328       Trainable params
0         Non-trainable params
328       Total params
0.001     Total estimated model params size (MB)
[32m[I 2021-11-05 10:27:50,606][0m Trial 97 pruned. Trial was pruned at epoch 0.[0m
GPU available: True, used: True
TPU available: False, using: 0 TPU cores
IPU available: False, using: 0 IPUs
LOCAL_RANK: 0 - CUDA_VISIBLE_DEVICES: [0]

  | Name  | Type | Params
-------------------------------
0 | model | Net  | 301   
-------------------------------
301       Trainable params
0         Non-trainable params
301       Total params
0.001     Total estimated model params size (MB)
[32m[I 2021-11-05 10:27:50,625][0m Trial 98 pruned. Trial was pruned at epoch 0.[0m
GPU available: True, used: True
TPU available: False, using: 0 TPU cores
IPU available: False, using: 0 IPUs
LOCAL_RANK: 0 - CUDA_VISIBLE_DEVICES: [0]

  | Name  | Type | Params
-------------------------------
0 | model | Net  | 213   
-------------------------------
213       Trainable params
0         Non-trainable params
213       Total params
0.001     Total estimated model params size (MB)
[32m[I 2021-11-05 10:27:50,645][0m Trial 99 pruned. Trial was pruned at epoch 0.[0m
GPU available: True, used: True
TPU available: False, using: 0 TPU cores
IPU available: False, using: 0 IPUs
LOCAL_RANK: 0 - CUDA_VISIBLE_DEVICES: [0]

  | Name  | Type | Params
-------------------------------
0 | model | Net  | 273   
-------------------------------
273       Trainable params
0         Non-trainable params
273       Total params
0.001     Total estimated model params size (MB)
Global seed set to 42
--- Finding optimal hyperparameters ---
--- Re-training best model ---
--- Testing and making predictions using best model ---
Final accuracy score: 0.82
--- Saving best model and predictions---
Total time to run script: 9.86 mins
----------------------------
---       DONE :)      -----
----------------------------
