Sender: LSF System <lsfadmin@hpc.dtu.dk>
Subject: Job 11227101: <adam_wd=1e-2_dp=4e-1_imgaug_simple> in cluster <dcc> Done

Job <adam_wd=1e-2_dp=4e-1_imgaug_simple> was submitted from host <n-62-27-17> by user <s164175> in cluster <dcc> at Fri Dec  3 09:28:02 2021
Job was executed on host(s) <8*n-62-20-7>, in queue <gpuv100>, as user <s164175> in cluster <dcc> at Fri Dec  3 09:28:04 2021
</zhome/95/1/117606> was used as the home directory.
</zhome/95/1/117606/Documents/Fairness-oriented-interpretability-of-predictive-algorithms> was used as the working directory.
Started at Fri Dec  3 09:28:04 2021
Terminated at Fri Dec  3 09:28:35 2021
Results reported at Fri Dec  3 09:28:35 2021

Your job looked like:

------------------------------------------------------------
# LSBATCH: User input
#!/bin/sh 
### General options 
### -- specify queue -- 
#BSUB -q gpuv100
### -- set the job Name --  (should be the same as in script)
#BSUB -J adam_wd=1e-2_dp=4e-1_imgaug_simple
### -- ask for number of cores (default: 1) -- 
#BSUB -n 8 
### --- ask for gpu ---
#BSUB -gpu "num=1"
### -- specify that the cores must be on the same host -- 
#BSUB -R "span[hosts=1]"
### -- amount of memory per core/slot -- 
#BSUB -R "rusage[mem=10GB]"
### -- job gets killed if it exceeds xGB per core/slot -- 
#BSUB -M 10GB
### -- set walltime limit: hh:mm -- 
#BSUB -W 24:00
### -- Specify the output and error file. %J is the job-id -- 
### -- -o and -e mean append, -oo and -eo mean overwrite -- 
#BSUB -oo logs/adam_wd=1e-2_dp=4e-1_imgaug_simple/%J.out 

echo "Starting bash script"

### Make logging directory
mkdir -p logs/adam_wd=1e-2_dp=4e-1_imgaug_simple/

### Activate environment
module load python3/3.8.11
source .venv/bin/activate

### Run python script
echo "----------------------------"
echo "--- Output from Python -----"
echo "----------------------------"

# Running neural network training parsing 
# model_name, weight_decay, drop_out, extented_image_augmentation, simple_image_augmentation
python3 src/models/cheXpert_neural_network_w_argparser.py adam_wd=1e-2_dp=4e-1_imgaug_simple 1e-2 4e-1 0 1

echo "----------------------------"
echo "---       DONE :)      -----"
echo "----------------------------"


------------------------------------------------------------

Successfully completed.

Resource usage summary:

    CPU time :                                   43.89 sec.
    Max Memory :                                 184 MB
    Average Memory :                             184.00 MB
    Total Requested Memory :                     81920.00 MB
    Delta Memory :                               81736.00 MB
    Max Swap :                                   -
    Max Processes :                              4
    Max Threads :                                5
    Run time :                                   56 sec.
    Turnaround time :                            33 sec.

The output (if any) follows:

Starting bash script
Loaded dependency [python3/3.8.11]: gcc/10.3.0-binutils-2.36.1
Loaded module: python3/3.8.11

Loading python3/3.8.11
  Loading requirement: gcc/10.3.0-binutils-2.36.1
----------------------------
--- Output from Python -----
----------------------------
Global seed set to 42
Using cache found in /zhome/95/1/117606/.cache/torch/hub/pytorch_vision_v0.10.0
GPU available: True, used: True
TPU available: False, using: 0 TPU cores
IPU available: False, using: 0 IPUs
LOCAL_RANK: 0 - CUDA_VISIBLE_DEVICES: [0]

  | Name        | Type     | Params
-----------------------------------------
0 | model       | DenseNet | 7.0 M 
1 | train_auroc | AUROC    | 0     
2 | val_auroc   | AUROC    | 0     
-----------------------------------------
7.0 M     Trainable params
0         Non-trainable params
7.0 M     Total params
27.820    Total estimated model params size (MB)
model_name: adam_wd=1e-2_dp=4e-1_imgaug_simple
wd: 0.01
dropout: 0.4
Extended Image Augmentation: False
Simple Image Augmentation: True
--- Initializing model and datamodule ---
---- Initializing Simple Image Augmentation ----
---- Initializing Simple Image Augmentation ----
---- Initializing Simple Image Augmentation ----
--- Setup training ---
--- Training model ---
Params to learn:
	 features.conv0.weight
	 features.norm0.weight
	 features.norm0.bias
	 features.denseblock1.denselayer1.norm1.weight
	 features.denseblock1.denselayer1.norm1.bias
	 features.denseblock1.denselayer1.conv1.weight
	 features.denseblock1.denselayer1.norm2.weight
	 features.denseblock1.denselayer1.norm2.bias
	 features.denseblock1.denselayer1.conv2.weight
	 features.denseblock1.denselayer2.norm1.weight
	 features.denseblock1.denselayer2.norm1.bias
	 features.denseblock1.denselayer2.conv1.weight
	 features.denseblock1.denselayer2.norm2.weight
	 features.denseblock1.denselayer2.norm2.bias
	 features.denseblock1.denselayer2.conv2.weight
	 features.denseblock1.denselayer3.norm1.weight
	 features.denseblock1.denselayer3.norm1.bias
	 features.denseblock1.denselayer3.conv1.weight
	 features.denseblock1.denselayer3.norm2.weight
	 features.denseblock1.denselayer3.norm2.bias
	 features.denseblock1.denselayer3.conv2.weight
	 features.denseblock1.denselayer4.norm1.weight
	 features.denseblock1.denselayer4.norm1.bias
	 features.denseblock1.denselayer4.conv1.weight
	 features.denseblock1.denselayer4.norm2.weight
	 features.denseblock1.denselayer4.norm2.bias
	 features.denseblock1.denselayer4.conv2.weight
	 features.denseblock1.denselayer5.norm1.weight
	 features.denseblock1.denselayer5.norm1.bias
	 features.denseblock1.denselayer5.conv1.weight
	 features.denseblock1.denselayer5.norm2.weight
	 features.denseblock1.denselayer5.norm2.bias
	 features.denseblock1.denselayer5.conv2.weight
	 features.denseblock1.denselayer6.norm1.weight
	 features.denseblock1.denselayer6.norm1.bias
	 features.denseblock1.denselayer6.conv1.weight
	 features.denseblock1.denselayer6.norm2.weight
	 features.denseblock1.denselayer6.norm2.bias
	 features.denseblock1.denselayer6.conv2.weight
	 features.transition1.norm.weight
	 features.transition1.norm.bias
	 features.transition1.conv.weight
	 features.denseblock2.denselayer1.norm1.weight
	 features.denseblock2.denselayer1.norm1.bias
	 features.denseblock2.denselayer1.conv1.weight
	 features.denseblock2.denselayer1.norm2.weight
	 features.denseblock2.denselayer1.norm2.bias
	 features.denseblock2.denselayer1.conv2.weight
	 features.denseblock2.denselayer2.norm1.weight
	 features.denseblock2.denselayer2.norm1.bias
	 features.denseblock2.denselayer2.conv1.weight
	 features.denseblock2.denselayer2.norm2.weight
	 features.denseblock2.denselayer2.norm2.bias
	 features.denseblock2.denselayer2.conv2.weight
	 features.denseblock2.denselayer3.norm1.weight
	 features.denseblock2.denselayer3.norm1.bias
	 features.denseblock2.denselayer3.conv1.weight
	 features.denseblock2.denselayer3.norm2.weight
	 features.denseblock2.denselayer3.norm2.bias
	 features.denseblock2.denselayer3.conv2.weight
	 features.denseblock2.denselayer4.norm1.weight
	 features.denseblock2.denselayer4.norm1.bias
	 features.denseblock2.denselayer4.conv1.weight
	 features.denseblock2.denselayer4.norm2.weight
	 features.denseblock2.denselayer4.norm2.bias
	 features.denseblock2.denselayer4.conv2.weight
	 features.denseblock2.denselayer5.norm1.weight
	 features.denseblock2.denselayer5.norm1.bias
	 features.denseblock2.denselayer5.conv1.weight
	 features.denseblock2.denselayer5.norm2.weight
	 features.denseblock2.denselayer5.norm2.bias
	 features.denseblock2.denselayer5.conv2.weight
	 features.denseblock2.denselayer6.norm1.weight
	 features.denseblock2.denselayer6.norm1.bias
	 features.denseblock2.denselayer6.conv1.weight
	 features.denseblock2.denselayer6.norm2.weight
	 features.denseblock2.denselayer6.norm2.bias
	 features.denseblock2.denselayer6.conv2.weight
	 features.denseblock2.denselayer7.norm1.weight
	 features.denseblock2.denselayer7.norm1.bias
	 features.denseblock2.denselayer7.conv1.weight
	 features.denseblock2.denselayer7.norm2.weight
	 features.denseblock2.denselayer7.norm2.bias
	 features.denseblock2.denselayer7.conv2.weight
	 features.denseblock2.denselayer8.norm1.weight
	 features.denseblock2.denselayer8.norm1.bias
	 features.denseblock2.denselayer8.conv1.weight
	 features.denseblock2.denselayer8.norm2.weight
	 features.denseblock2.denselayer8.norm2.bias
	 features.denseblock2.denselayer8.conv2.weight
	 features.denseblock2.denselayer9.norm1.weight
	 features.denseblock2.denselayer9.norm1.bias
	 features.denseblock2.denselayer9.conv1.weight
	 features.denseblock2.denselayer9.norm2.weight
	 features.denseblock2.denselayer9.norm2.bias
	 features.denseblock2.denselayer9.conv2.weight
	 features.denseblock2.denselayer10.norm1.weight
	 features.denseblock2.denselayer10.norm1.bias
	 features.denseblock2.denselayer10.conv1.weight
	 features.denseblock2.denselayer10.norm2.weight
	 features.denseblock2.denselayer10.norm2.bias
	 features.denseblock2.denselayer10.conv2.weight
	 features.denseblock2.denselayer11.norm1.weight
	 features.denseblock2.denselayer11.norm1.bias
	 features.denseblock2.denselayer11.conv1.weight
	 features.denseblock2.denselayer11.norm2.weight
	 features.denseblock2.denselayer11.norm2.bias
	 features.denseblock2.denselayer11.conv2.weight
	 features.denseblock2.denselayer12.norm1.weight
	 features.denseblock2.denselayer12.norm1.bias
	 features.denseblock2.denselayer12.conv1.weight
	 features.denseblock2.denselayer12.norm2.weight
	 features.denseblock2.denselayer12.norm2.bias
	 features.denseblock2.denselayer12.conv2.weight
	 features.transition2.norm.weight
	 features.transition2.norm.bias
	 features.transition2.conv.weight
	 features.denseblock3.denselayer1.norm1.weight
	 features.denseblock3.denselayer1.norm1.bias
	 features.denseblock3.denselayer1.conv1.weight
	 features.denseblock3.denselayer1.norm2.weight
	 features.denseblock3.denselayer1.norm2.bias
	 features.denseblock3.denselayer1.conv2.weight
	 features.denseblock3.denselayer2.norm1.weight
	 features.denseblock3.denselayer2.norm1.bias
	 features.denseblock3.denselayer2.conv1.weight
	 features.denseblock3.denselayer2.norm2.weight
	 features.denseblock3.denselayer2.norm2.bias
	 features.denseblock3.denselayer2.conv2.weight
	 features.denseblock3.denselayer3.norm1.weight
	 features.denseblock3.denselayer3.norm1.bias
	 features.denseblock3.denselayer3.conv1.weight
	 features.denseblock3.denselayer3.norm2.weight
	 features.denseblock3.denselayer3.norm2.bias
	 features.denseblock3.denselayer3.conv2.weight
	 features.denseblock3.denselayer4.norm1.weight
	 features.denseblock3.denselayer4.norm1.bias
	 features.denseblock3.denselayer4.conv1.weight
	 features.denseblock3.denselayer4.norm2.weight
	 features.denseblock3.denselayer4.norm2.bias
	 features.denseblock3.denselayer4.conv2.weight
	 features.denseblock3.denselayer5.norm1.weight
	 features.denseblock3.denselayer5.norm1.bias
	 features.denseblock3.denselayer5.conv1.weight
	 features.denseblock3.denselayer5.norm2.weight
	 features.denseblock3.denselayer5.norm2.bias
	 features.denseblock3.denselayer5.conv2.weight
	 features.denseblock3.denselayer6.norm1.weight
	 features.denseblock3.denselayer6.norm1.bias
	 features.denseblock3.denselayer6.conv1.weight
	 features.denseblock3.denselayer6.norm2.weight
	 features.denseblock3.denselayer6.norm2.bias
	 features.denseblock3.denselayer6.conv2.weight
	 features.denseblock3.denselayer7.norm1.weight
	 features.denseblock3.denselayer7.norm1.bias
	 features.denseblock3.denselayer7.conv1.weight
	 features.denseblock3.denselayer7.norm2.weight
	 features.denseblock3.denselayer7.norm2.bias
	 features.denseblock3.denselayer7.conv2.weight
	 features.denseblock3.denselayer8.norm1.weight
	 features.denseblock3.denselayer8.norm1.bias
	 features.denseblock3.denselayer8.conv1.weight
	 features.denseblock3.denselayer8.norm2.weight
	 features.denseblock3.denselayer8.norm2.bias
	 features.denseblock3.denselayer8.conv2.weight
	 features.denseblock3.denselayer9.norm1.weight
	 features.denseblock3.denselayer9.norm1.bias
	 features.denseblock3.denselayer9.conv1.weight
	 features.denseblock3.denselayer9.norm2.weight
	 features.denseblock3.denselayer9.norm2.bias
	 features.denseblock3.denselayer9.conv2.weight
	 features.denseblock3.denselayer10.norm1.weight
	 features.denseblock3.denselayer10.norm1.bias
	 features.denseblock3.denselayer10.conv1.weight
	 features.denseblock3.denselayer10.norm2.weight
	 features.denseblock3.denselayer10.norm2.bias
	 features.denseblock3.denselayer10.conv2.weight
	 features.denseblock3.denselayer11.norm1.weight
	 features.denseblock3.denselayer11.norm1.bias
	 features.denseblock3.denselayer11.conv1.weight
	 features.denseblock3.denselayer11.norm2.weight
	 features.denseblock3.denselayer11.norm2.bias
	 features.denseblock3.denselayer11.conv2.weight
	 features.denseblock3.denselayer12.norm1.weight
	 features.denseblock3.denselayer12.norm1.bias
	 features.denseblock3.denselayer12.conv1.weight
	 features.denseblock3.denselayer12.norm2.weight
	 features.denseblock3.denselayer12.norm2.bias
	 features.denseblock3.denselayer12.conv2.weight
	 features.denseblock3.denselayer13.norm1.weight
	 features.denseblock3.denselayer13.norm1.bias
	 features.denseblock3.denselayer13.conv1.weight
	 features.denseblock3.denselayer13.norm2.weight
	 features.denseblock3.denselayer13.norm2.bias
	 features.denseblock3.denselayer13.conv2.weight
	 features.denseblock3.denselayer14.norm1.weight
	 features.denseblock3.denselayer14.norm1.bias
	 features.denseblock3.denselayer14.conv1.weight
	 features.denseblock3.denselayer14.norm2.weight
	 features.denseblock3.denselayer14.norm2.bias
	 features.denseblock3.denselayer14.conv2.weight
	 features.denseblock3.denselayer15.norm1.weight
	 features.denseblock3.denselayer15.norm1.bias
	 features.denseblock3.denselayer15.conv1.weight
	 features.denseblock3.denselayer15.norm2.weight
	 features.denseblock3.denselayer15.norm2.bias
	 features.denseblock3.denselayer15.conv2.weight
	 features.denseblock3.denselayer16.norm1.weight
	 features.denseblock3.denselayer16.norm1.bias
	 features.denseblock3.denselayer16.conv1.weight
	 features.denseblock3.denselayer16.norm2.weight
	 features.denseblock3.denselayer16.norm2.bias
	 features.denseblock3.denselayer16.conv2.weight
	 features.denseblock3.denselayer17.norm1.weight
	 features.denseblock3.denselayer17.norm1.bias
	 features.denseblock3.denselayer17.conv1.weight
	 features.denseblock3.denselayer17.norm2.weight
	 features.denseblock3.denselayer17.norm2.bias
	 features.denseblock3.denselayer17.conv2.weight
	 features.denseblock3.denselayer18.norm1.weight
	 features.denseblock3.denselayer18.norm1.bias
	 features.denseblock3.denselayer18.conv1.weight
	 features.denseblock3.denselayer18.norm2.weight
	 features.denseblock3.denselayer18.norm2.bias
	 features.denseblock3.denselayer18.conv2.weight
	 features.denseblock3.denselayer19.norm1.weight
	 features.denseblock3.denselayer19.norm1.bias
	 features.denseblock3.denselayer19.conv1.weight
	 features.denseblock3.denselayer19.norm2.weight
	 features.denseblock3.denselayer19.norm2.bias
	 features.denseblock3.denselayer19.conv2.weight
	 features.denseblock3.denselayer20.norm1.weight
	 features.denseblock3.denselayer20.norm1.bias
	 features.denseblock3.denselayer20.conv1.weight
	 features.denseblock3.denselayer20.norm2.weight
	 features.denseblock3.denselayer20.norm2.bias
	 features.denseblock3.denselayer20.conv2.weight
	 features.denseblock3.denselayer21.norm1.weight
	 features.denseblock3.denselayer21.norm1.bias
	 features.denseblock3.denselayer21.conv1.weight
	 features.denseblock3.denselayer21.norm2.weight
	 features.denseblock3.denselayer21.norm2.bias
	 features.denseblock3.denselayer21.conv2.weight
	 features.denseblock3.denselayer22.norm1.weight
	 features.denseblock3.denselayer22.norm1.bias
	 features.denseblock3.denselayer22.conv1.weight
	 features.denseblock3.denselayer22.norm2.weight
	 features.denseblock3.denselayer22.norm2.bias
	 features.denseblock3.denselayer22.conv2.weight
	 features.denseblock3.denselayer23.norm1.weight
	 features.denseblock3.denselayer23.norm1.bias
	 features.denseblock3.denselayer23.conv1.weight
	 features.denseblock3.denselayer23.norm2.weight
	 features.denseblock3.denselayer23.norm2.bias
	 features.denseblock3.denselayer23.conv2.weight
	 features.denseblock3.denselayer24.norm1.weight
	 features.denseblock3.denselayer24.norm1.bias
	 features.denseblock3.denselayer24.conv1.weight
	 features.denseblock3.denselayer24.norm2.weight
	 features.denseblock3.denselayer24.norm2.bias
	 features.denseblock3.denselayer24.conv2.weight
	 features.transition3.norm.weight
	 features.transition3.norm.bias
	 features.transition3.conv.weight
	 features.denseblock4.denselayer1.norm1.weight
	 features.denseblock4.denselayer1.norm1.bias
	 features.denseblock4.denselayer1.conv1.weight
	 features.denseblock4.denselayer1.norm2.weight
	 features.denseblock4.denselayer1.norm2.bias
	 features.denseblock4.denselayer1.conv2.weight
	 features.denseblock4.denselayer2.norm1.weight
	 features.denseblock4.denselayer2.norm1.bias
	 features.denseblock4.denselayer2.conv1.weight
	 features.denseblock4.denselayer2.norm2.weight
	 features.denseblock4.denselayer2.norm2.bias
	 features.denseblock4.denselayer2.conv2.weight
	 features.denseblock4.denselayer3.norm1.weight
	 features.denseblock4.denselayer3.norm1.bias
	 features.denseblock4.denselayer3.conv1.weight
	 features.denseblock4.denselayer3.norm2.weight
	 features.denseblock4.denselayer3.norm2.bias
	 features.denseblock4.denselayer3.conv2.weight
	 features.denseblock4.denselayer4.norm1.weight
	 features.denseblock4.denselayer4.norm1.bias
	 features.denseblock4.denselayer4.conv1.weight
	 features.denseblock4.denselayer4.norm2.weight
	 features.denseblock4.denselayer4.norm2.bias
	 features.denseblock4.denselayer4.conv2.weight
	 features.denseblock4.denselayer5.norm1.weight
	 features.denseblock4.denselayer5.norm1.bias
	 features.denseblock4.denselayer5.conv1.weight
	 features.denseblock4.denselayer5.norm2.weight
	 features.denseblock4.denselayer5.norm2.bias
	 features.denseblock4.denselayer5.conv2.weight
	 features.denseblock4.denselayer6.norm1.weight
	 features.denseblock4.denselayer6.norm1.bias
	 features.denseblock4.denselayer6.conv1.weight
	 features.denseblock4.denselayer6.norm2.weight
	 features.denseblock4.denselayer6.norm2.bias
	 features.denseblock4.denselayer6.conv2.weight
	 features.denseblock4.denselayer7.norm1.weight
	 features.denseblock4.denselayer7.norm1.bias
	 features.denseblock4.denselayer7.conv1.weight
	 features.denseblock4.denselayer7.norm2.weight
	 features.denseblock4.denselayer7.norm2.bias
	 features.denseblock4.denselayer7.conv2.weight
	 features.denseblock4.denselayer8.norm1.weight
	 features.denseblock4.denselayer8.norm1.bias
	 features.denseblock4.denselayer8.conv1.weight
	 features.denseblock4.denselayer8.norm2.weight
	 features.denseblock4.denselayer8.norm2.bias
	 features.denseblock4.denselayer8.conv2.weight
	 features.denseblock4.denselayer9.norm1.weight
	 features.denseblock4.denselayer9.norm1.bias
	 features.denseblock4.denselayer9.conv1.weight
	 features.denseblock4.denselayer9.norm2.weight
	 features.denseblock4.denselayer9.norm2.bias
	 features.denseblock4.denselayer9.conv2.weight
	 features.denseblock4.denselayer10.norm1.weight
	 features.denseblock4.denselayer10.norm1.bias
	 features.denseblock4.denselayer10.conv1.weight
	 features.denseblock4.denselayer10.norm2.weight
	 features.denseblock4.denselayer10.norm2.bias
	 features.denseblock4.denselayer10.conv2.weight
	 features.denseblock4.denselayer11.norm1.weight
	 features.denseblock4.denselayer11.norm1.bias
	 features.denseblock4.denselayer11.conv1.weight
	 features.denseblock4.denselayer11.norm2.weight
	 features.denseblock4.denselayer11.norm2.bias
	 features.denseblock4.denselayer11.conv2.weight
	 features.denseblock4.denselayer12.norm1.weight
	 features.denseblock4.denselayer12.norm1.bias
	 features.denseblock4.denselayer12.conv1.weight
	 features.denseblock4.denselayer12.norm2.weight
	 features.denseblock4.denselayer12.norm2.bias
	 features.denseblock4.denselayer12.conv2.weight
	 features.denseblock4.denselayer13.norm1.weight
	 features.denseblock4.denselayer13.norm1.bias
	 features.denseblock4.denselayer13.conv1.weight
	 features.denseblock4.denselayer13.norm2.weight
	 features.denseblock4.denselayer13.norm2.bias
	 features.denseblock4.denselayer13.conv2.weight
	 features.denseblock4.denselayer14.norm1.weight
	 features.denseblock4.denselayer14.norm1.bias
	 features.denseblock4.denselayer14.conv1.weight
	 features.denseblock4.denselayer14.norm2.weight
	 features.denseblock4.denselayer14.norm2.bias
	 features.denseblock4.denselayer14.conv2.weight
	 features.denseblock4.denselayer15.norm1.weight
	 features.denseblock4.denselayer15.norm1.bias
	 features.denseblock4.denselayer15.conv1.weight
	 features.denseblock4.denselayer15.norm2.weight
	 features.denseblock4.denselayer15.norm2.bias
	 features.denseblock4.denselayer15.conv2.weight
	 features.denseblock4.denselayer16.norm1.weight
	 features.denseblock4.denselayer16.norm1.bias
	 features.denseblock4.denselayer16.conv1.weight
	 features.denseblock4.denselayer16.norm2.weight
	 features.denseblock4.denselayer16.norm2.bias
	 features.denseblock4.denselayer16.conv2.weight
	 features.norm5.weight
	 features.norm5.bias
	 classifier.weight
	 classifier.bias
Global seed set to 42
Traceback (most recent call last):
  File "src/models/cheXpert_neural_network_w_argparser.py", line 148, in <module>
    trainer.fit(pl_model, dm)
  File "/zhome/95/1/117606/Documents/Fairness-oriented-interpretability-of-predictive-algorithms/.venv/lib64/python3.6/site-packages/pytorch_lightning/trainer/trainer.py", line 738, in fit
    self._fit_impl, model, train_dataloaders, val_dataloaders, datamodule, ckpt_path
  File "/zhome/95/1/117606/Documents/Fairness-oriented-interpretability-of-predictive-algorithms/.venv/lib64/python3.6/site-packages/pytorch_lightning/trainer/trainer.py", line 682, in _call_and_handle_interrupt
    return trainer_fn(*args, **kwargs)
  File "/zhome/95/1/117606/Documents/Fairness-oriented-interpretability-of-predictive-algorithms/.venv/lib64/python3.6/site-packages/pytorch_lightning/trainer/trainer.py", line 772, in _fit_impl
    self._run(model, ckpt_path=ckpt_path)
  File "/zhome/95/1/117606/Documents/Fairness-oriented-interpretability-of-predictive-algorithms/.venv/lib64/python3.6/site-packages/pytorch_lightning/trainer/trainer.py", line 1195, in _run
    self._dispatch()
  File "/zhome/95/1/117606/Documents/Fairness-oriented-interpretability-of-predictive-algorithms/.venv/lib64/python3.6/site-packages/pytorch_lightning/trainer/trainer.py", line 1274, in _dispatch
    self.training_type_plugin.start_training(self)
  File "/zhome/95/1/117606/Documents/Fairness-oriented-interpretability-of-predictive-algorithms/.venv/lib64/python3.6/site-packages/pytorch_lightning/plugins/training_type/training_type_plugin.py", line 202, in start_training
    self._results = trainer.run_stage()
  File "/zhome/95/1/117606/Documents/Fairness-oriented-interpretability-of-predictive-algorithms/.venv/lib64/python3.6/site-packages/pytorch_lightning/trainer/trainer.py", line 1284, in run_stage
    return self._run_train()
  File "/zhome/95/1/117606/Documents/Fairness-oriented-interpretability-of-predictive-algorithms/.venv/lib64/python3.6/site-packages/pytorch_lightning/trainer/trainer.py", line 1314, in _run_train
    self.fit_loop.run()
  File "/zhome/95/1/117606/Documents/Fairness-oriented-interpretability-of-predictive-algorithms/.venv/lib64/python3.6/site-packages/pytorch_lightning/loops/base.py", line 145, in run
    self.advance(*args, **kwargs)
  File "/zhome/95/1/117606/Documents/Fairness-oriented-interpretability-of-predictive-algorithms/.venv/lib64/python3.6/site-packages/pytorch_lightning/loops/fit_loop.py", line 234, in advance
    self.epoch_loop.run(data_fetcher)
  File "/zhome/95/1/117606/Documents/Fairness-oriented-interpretability-of-predictive-algorithms/.venv/lib64/python3.6/site-packages/pytorch_lightning/loops/base.py", line 145, in run
    self.advance(*args, **kwargs)
  File "/zhome/95/1/117606/Documents/Fairness-oriented-interpretability-of-predictive-algorithms/.venv/lib64/python3.6/site-packages/pytorch_lightning/loops/epoch/training_epoch_loop.py", line 195, in advance
    batch_output = self.batch_loop.run(batch, batch_idx)
  File "/zhome/95/1/117606/Documents/Fairness-oriented-interpretability-of-predictive-algorithms/.venv/lib64/python3.6/site-packages/pytorch_lightning/loops/base.py", line 145, in run
    self.advance(*args, **kwargs)
  File "/zhome/95/1/117606/Documents/Fairness-oriented-interpretability-of-predictive-algorithms/.venv/lib64/python3.6/site-packages/pytorch_lightning/loops/batch/training_batch_loop.py", line 88, in advance
    outputs = self.optimizer_loop.run(split_batch, optimizers, batch_idx)
  File "/zhome/95/1/117606/Documents/Fairness-oriented-interpretability-of-predictive-algorithms/.venv/lib64/python3.6/site-packages/pytorch_lightning/loops/base.py", line 145, in run
    self.advance(*args, **kwargs)
  File "/zhome/95/1/117606/Documents/Fairness-oriented-interpretability-of-predictive-algorithms/.venv/lib64/python3.6/site-packages/pytorch_lightning/loops/optimization/optimizer_loop.py", line 219, in advance
    self.optimizer_idx,
  File "/zhome/95/1/117606/Documents/Fairness-oriented-interpretability-of-predictive-algorithms/.venv/lib64/python3.6/site-packages/pytorch_lightning/loops/optimization/optimizer_loop.py", line 266, in _run_optimization
    self._optimizer_step(optimizer, opt_idx, batch_idx, closure)
  File "/zhome/95/1/117606/Documents/Fairness-oriented-interpretability-of-predictive-algorithms/.venv/lib64/python3.6/site-packages/pytorch_lightning/loops/optimization/optimizer_loop.py", line 386, in _optimizer_step
    using_lbfgs=is_lbfgs,
  File "/zhome/95/1/117606/Documents/Fairness-oriented-interpretability-of-predictive-algorithms/.venv/lib64/python3.6/site-packages/pytorch_lightning/core/lightning.py", line 1664, in optimizer_step
    optimizer.step(closure=optimizer_closure)
  File "/zhome/95/1/117606/Documents/Fairness-oriented-interpretability-of-predictive-algorithms/.venv/lib64/python3.6/site-packages/pytorch_lightning/core/optimizer.py", line 164, in step
    trainer.accelerator.optimizer_step(self._optimizer, self._optimizer_idx, closure, **kwargs)
  File "/zhome/95/1/117606/Documents/Fairness-oriented-interpretability-of-predictive-algorithms/.venv/lib64/python3.6/site-packages/pytorch_lightning/accelerators/accelerator.py", line 336, in optimizer_step
    self.precision_plugin.optimizer_step(model, optimizer, opt_idx, closure, **kwargs)
  File "/zhome/95/1/117606/Documents/Fairness-oriented-interpretability-of-predictive-algorithms/.venv/lib64/python3.6/site-packages/pytorch_lightning/plugins/precision/precision_plugin.py", line 163, in optimizer_step
    optimizer.step(closure=closure, **kwargs)
  File "/zhome/95/1/117606/Documents/Fairness-oriented-interpretability-of-predictive-algorithms/.venv/lib64/python3.6/site-packages/torch/optim/optimizer.py", line 88, in wrapper
    return func(*args, **kwargs)
  File "/zhome/95/1/117606/Documents/Fairness-oriented-interpretability-of-predictive-algorithms/.venv/lib64/python3.6/site-packages/torch/autograd/grad_mode.py", line 28, in decorate_context
    return func(*args, **kwargs)
  File "/zhome/95/1/117606/Documents/Fairness-oriented-interpretability-of-predictive-algorithms/.venv/lib64/python3.6/site-packages/torch/optim/adam.py", line 92, in step
    loss = closure()
  File "/zhome/95/1/117606/Documents/Fairness-oriented-interpretability-of-predictive-algorithms/.venv/lib64/python3.6/site-packages/pytorch_lightning/plugins/precision/precision_plugin.py", line 148, in _wrap_closure
    closure_result = closure()
  File "/zhome/95/1/117606/Documents/Fairness-oriented-interpretability-of-predictive-algorithms/.venv/lib64/python3.6/site-packages/pytorch_lightning/loops/optimization/optimizer_loop.py", line 160, in __call__
    self._result = self.closure(*args, **kwargs)
  File "/zhome/95/1/117606/Documents/Fairness-oriented-interpretability-of-predictive-algorithms/.venv/lib64/python3.6/site-packages/pytorch_lightning/loops/optimization/optimizer_loop.py", line 142, in closure
    step_output = self._step_fn()
  File "/zhome/95/1/117606/Documents/Fairness-oriented-interpretability-of-predictive-algorithms/.venv/lib64/python3.6/site-packages/pytorch_lightning/loops/optimization/optimizer_loop.py", line 435, in _training_step
    training_step_output = self.trainer.accelerator.training_step(step_kwargs)
  File "/zhome/95/1/117606/Documents/Fairness-oriented-interpretability-of-predictive-algorithms/.venv/lib64/python3.6/site-packages/pytorch_lightning/accelerators/accelerator.py", line 216, in training_step
    return self.training_type_plugin.training_step(*step_kwargs.values())
  File "/zhome/95/1/117606/Documents/Fairness-oriented-interpretability-of-predictive-algorithms/.venv/lib64/python3.6/site-packages/pytorch_lightning/plugins/training_type/training_type_plugin.py", line 213, in training_step
    return self.model.training_step(*args, **kwargs)
  File "/zhome/95/1/117606/Documents/Fairness-oriented-interpretability-of-predictive-algorithms/src/models/cheXpert_modelling_functions.py", line 97, in training_step
    y_hat = torch.sigmoid(self.model(x.double()))
  File "/zhome/95/1/117606/Documents/Fairness-oriented-interpretability-of-predictive-algorithms/.venv/lib64/python3.6/site-packages/torch/nn/modules/module.py", line 1102, in _call_impl
    return forward_call(*input, **kwargs)
  File "/zhome/95/1/117606/Documents/Fairness-oriented-interpretability-of-predictive-algorithms/.venv/lib64/python3.6/site-packages/torchvision/models/densenet.py", line 216, in forward
    features = self.features(x)
  File "/zhome/95/1/117606/Documents/Fairness-oriented-interpretability-of-predictive-algorithms/.venv/lib64/python3.6/site-packages/torch/nn/modules/module.py", line 1102, in _call_impl
    return forward_call(*input, **kwargs)
  File "/zhome/95/1/117606/Documents/Fairness-oriented-interpretability-of-predictive-algorithms/.venv/lib64/python3.6/site-packages/torch/nn/modules/container.py", line 141, in forward
    input = module(input)
  File "/zhome/95/1/117606/Documents/Fairness-oriented-interpretability-of-predictive-algorithms/.venv/lib64/python3.6/site-packages/torch/nn/modules/module.py", line 1102, in _call_impl
    return forward_call(*input, **kwargs)
  File "/zhome/95/1/117606/Documents/Fairness-oriented-interpretability-of-predictive-algorithms/.venv/lib64/python3.6/site-packages/torchvision/models/densenet.py", line 127, in forward
    new_features = layer(features)
  File "/zhome/95/1/117606/Documents/Fairness-oriented-interpretability-of-predictive-algorithms/.venv/lib64/python3.6/site-packages/torch/nn/modules/module.py", line 1102, in _call_impl
    return forward_call(*input, **kwargs)
  File "/zhome/95/1/117606/Documents/Fairness-oriented-interpretability-of-predictive-algorithms/.venv/lib64/python3.6/site-packages/torchvision/models/densenet.py", line 92, in forward
    bottleneck_output = self.bn_function(prev_features)
  File "/zhome/95/1/117606/Documents/Fairness-oriented-interpretability-of-predictive-algorithms/.venv/lib64/python3.6/site-packages/torchvision/models/densenet.py", line 52, in bn_function
    concated_features = torch.cat(inputs, 1)
RuntimeError: CUDA out of memory. Tried to allocate 26.00 MiB (GPU 0; 15.78 GiB total capacity; 6.06 GiB already allocated; 22.50 MiB free; 6.13 GiB reserved in total by PyTorch) If reserved memory is >> allocated memory try setting max_split_size_mb to avoid fragmentation.  See documentation for Memory Management and PYTORCH_CUDA_ALLOC_CONF
----------------------------
---       DONE :)      -----
----------------------------
